

Started GET "/creatures/new" for ::1 at 2016-04-30 23:18:22 -0700

ActionController::RoutingError (No route matches [GET] "/creatures/new"):
  actionpack (4.2.6) lib/action_dispatch/middleware/debug_exceptions.rb:21:in `call'
  web-console (2.3.0) lib/web_console/middleware.rb:28:in `block in call'
  web-console (2.3.0) lib/web_console/middleware.rb:18:in `catch'
  web-console (2.3.0) lib/web_console/middleware.rb:18:in `call'
  actionpack (4.2.6) lib/action_dispatch/middleware/show_exceptions.rb:30:in `call'
  railties (4.2.6) lib/rails/rack/logger.rb:38:in `call_app'
  railties (4.2.6) lib/rails/rack/logger.rb:20:in `block in call'
  activesupport (4.2.6) lib/active_support/tagged_logging.rb:68:in `block in tagged'
  activesupport (4.2.6) lib/active_support/tagged_logging.rb:26:in `tagged'
  activesupport (4.2.6) lib/active_support/tagged_logging.rb:68:in `tagged'
  railties (4.2.6) lib/rails/rack/logger.rb:20:in `call'
  actionpack (4.2.6) lib/action_dispatch/middleware/request_id.rb:21:in `call'
  rack (1.6.4) lib/rack/methodoverride.rb:22:in `call'
  rack (1.6.4) lib/rack/runtime.rb:18:in `call'
  activesupport (4.2.6) lib/active_support/cache/strategy/local_cache_middleware.rb:28:in `call'
  rack (1.6.4) lib/rack/lock.rb:17:in `call'
  actionpack (4.2.6) lib/action_dispatch/middleware/static.rb:120:in `call'
  rack (1.6.4) lib/rack/sendfile.rb:113:in `call'
  railties (4.2.6) lib/rails/engine.rb:518:in `call'
  railties (4.2.6) lib/rails/application.rb:165:in `call'
  rack (1.6.4) lib/rack/lock.rb:17:in `call'
  rack (1.6.4) lib/rack/content_length.rb:15:in `call'
  rack (1.6.4) lib/rack/handler/webrick.rb:88:in `service'
  /Users/jacquelynfambrough/.rvm/rubies/ruby-2.2.1/lib/ruby/2.2.0/webrick/httpserver.rb:138:in `service'
  /Users/jacquelynfambrough/.rvm/rubies/ruby-2.2.1/lib/ruby/2.2.0/webrick/httpserver.rb:94:in `run'
  /Users/jacquelynfambrough/.rvm/rubies/ruby-2.2.1/lib/ruby/2.2.0/webrick/server.rb:294:in `block in start_thread'


  Rendered /Users/jacquelynfambrough/.rvm/gems/ruby-2.2.1/gems/actionpack-4.2.6/lib/action_dispatch/middleware/templates/rescues/_trace.html.erb (2.4ms)
  Rendered /Users/jacquelynfambrough/.rvm/gems/ruby-2.2.1/gems/actionpack-4.2.6/lib/action_dispatch/middleware/templates/routes/_table.html.erb (8.9ms)
  Rendered /Users/jacquelynfambrough/.rvm/gems/ruby-2.2.1/gems/actionpack-4.2.6/lib/action_dispatch/middleware/templates/rescues/_request_and_response.html.erb (12.0ms)
  Rendered /Users/jacquelynfambrough/.rvm/gems/ruby-2.2.1/gems/actionpack-4.2.6/lib/action_dispatch/middleware/templates/rescues/routing_error.html.erb within rescues/layout (91.7ms)
  Rendered /Users/jacquelynfambrough/.rvm/gems/ruby-2.2.1/gems/web-console-2.3.0/lib/web_console/templates/_markup.html.erb (0.5ms)
  Rendered /Users/jacquelynfambrough/.rvm/gems/ruby-2.2.1/gems/web-console-2.3.0/lib/web_console/templates/_inner_console_markup.html.erb within layouts/inlined_string (0.6ms)
  Rendered /Users/jacquelynfambrough/.rvm/gems/ruby-2.2.1/gems/web-console-2.3.0/lib/web_console/templates/_prompt_box_markup.html.erb within layouts/inlined_string (0.3ms)
  Rendered /Users/jacquelynfambrough/.rvm/gems/ruby-2.2.1/gems/web-console-2.3.0/lib/web_console/templates/style.css.erb within layouts/inlined_string (0.3ms)
  Rendered /Users/jacquelynfambrough/.rvm/gems/ruby-2.2.1/gems/web-console-2.3.0/lib/web_console/templates/console.js.erb within layouts/javascript (60.0ms)
  Rendered /Users/jacquelynfambrough/.rvm/gems/ruby-2.2.1/gems/web-console-2.3.0/lib/web_console/templates/main.js.erb within layouts/javascript (0.3ms)
  Rendered /Users/jacquelynfambrough/.rvm/gems/ruby-2.2.1/gems/web-console-2.3.0/lib/web_console/templates/error_page.js.erb within layouts/javascript (0.4ms)
  Rendered /Users/jacquelynfambrough/.rvm/gems/ruby-2.2.1/gems/web-console-2.3.0/lib/web_console/templates/index.html.erb (126.1ms)
  [1m[36m (2.2ms)[0m  [1mCREATE TABLE "schema_migrations" ("version" varchar NOT NULL) [0m
  [1m[35m (1.6ms)[0m  select sqlite_version(*)
  [1m[36m (1.6ms)[0m  [1mCREATE UNIQUE INDEX "unique_schema_migrations" ON "schema_migrations" ("version")[0m
  [1m[35mActiveRecord::SchemaMigration Load (0.2ms)[0m  SELECT "schema_migrations".* FROM "schema_migrations"
Migrating to CreateCreatures (20160501062839)
  [1m[36m (0.2ms)[0m  [1mbegin transaction[0m
  [1m[35m (0.5ms)[0m  CREATE TABLE "creatures" ("id" INTEGER PRIMARY KEY AUTOINCREMENT NOT NULL, "name" varchar, "description" varchar, "created_at" datetime NOT NULL, "updated_at" datetime NOT NULL) 
  [1m[36mSQL (0.2ms)[0m  [1mINSERT INTO "schema_migrations" ("version") VALUES (?)[0m  [["version", "20160501062839"]]
  [1m[35m (1.0ms)[0m  commit transaction
  [1m[36mActiveRecord::SchemaMigration Load (0.1ms)[0m  [1mSELECT "schema_migrations".* FROM "schema_migrations"[0m
  [1m[36m (0.1ms)[0m  [1mbegin transaction[0m
  [1m[35mSQL (1.2ms)[0m  INSERT INTO "creatures" ("name", "description", "created_at", "updated_at") VALUES (?, ?, ?, ?)  [["name", "Yoda"], ["description", "Little green fella"], ["created_at", "2016-05-01 06:29:29.157356"], ["updated_at", "2016-05-01 06:29:29.157356"]]
  [1m[36m (0.9ms)[0m  [1mcommit transaction[0m
  [1m[35mCreature Load (1.9ms)[0m  SELECT "creatures".* FROM "creatures"
  [1m[36mActiveRecord::SchemaMigration Load (0.1ms)[0m  [1mSELECT "schema_migrations".* FROM "schema_migrations"[0m
  [1m[35m (0.1ms)[0m  begin transaction
  [1m[36mSQL (0.4ms)[0m  [1mINSERT INTO "creatures" ("name", "description", "created_at", "updated_at") VALUES (?, ?, ?, ?)[0m  [["name", "Luke"], ["description", "Jedi"], ["created_at", "2016-05-01 06:34:57.700254"], ["updated_at", "2016-05-01 06:34:57.700254"]]
  [1m[35m (1.1ms)[0m  commit transaction
  [1m[36m (0.0ms)[0m  [1mbegin transaction[0m
  [1m[35mSQL (0.2ms)[0m  INSERT INTO "creatures" ("name", "description", "created_at", "updated_at") VALUES (?, ?, ?, ?)  [["name", "Darth"], ["description", "Luke's Dad"], ["created_at", "2016-05-01 06:34:57.705464"], ["updated_at", "2016-05-01 06:34:57.705464"]]
  [1m[36m (0.8ms)[0m  [1mcommit transaction[0m


Started GET "/creatures/new" for ::1 at 2016-04-30 23:35:01 -0700
  [1m[36mActiveRecord::SchemaMigration Load (0.2ms)[0m  [1mSELECT "schema_migrations".* FROM "schema_migrations"[0m

ActionController::RoutingError (No route matches [GET] "/creatures/new"):
  actionpack (4.2.6) lib/action_dispatch/middleware/debug_exceptions.rb:21:in `call'
  web-console (2.3.0) lib/web_console/middleware.rb:28:in `block in call'
  web-console (2.3.0) lib/web_console/middleware.rb:18:in `catch'
  web-console (2.3.0) lib/web_console/middleware.rb:18:in `call'
  actionpack (4.2.6) lib/action_dispatch/middleware/show_exceptions.rb:30:in `call'
  railties (4.2.6) lib/rails/rack/logger.rb:38:in `call_app'
  railties (4.2.6) lib/rails/rack/logger.rb:20:in `block in call'
  activesupport (4.2.6) lib/active_support/tagged_logging.rb:68:in `block in tagged'
  activesupport (4.2.6) lib/active_support/tagged_logging.rb:26:in `tagged'
  activesupport (4.2.6) lib/active_support/tagged_logging.rb:68:in `tagged'
  railties (4.2.6) lib/rails/rack/logger.rb:20:in `call'
  actionpack (4.2.6) lib/action_dispatch/middleware/request_id.rb:21:in `call'
  rack (1.6.4) lib/rack/methodoverride.rb:22:in `call'
  rack (1.6.4) lib/rack/runtime.rb:18:in `call'
  activesupport (4.2.6) lib/active_support/cache/strategy/local_cache_middleware.rb:28:in `call'
  rack (1.6.4) lib/rack/lock.rb:17:in `call'
  actionpack (4.2.6) lib/action_dispatch/middleware/static.rb:120:in `call'
  rack (1.6.4) lib/rack/sendfile.rb:113:in `call'
  railties (4.2.6) lib/rails/engine.rb:518:in `call'
  railties (4.2.6) lib/rails/application.rb:165:in `call'
  rack (1.6.4) lib/rack/lock.rb:17:in `call'
  rack (1.6.4) lib/rack/content_length.rb:15:in `call'
  rack (1.6.4) lib/rack/handler/webrick.rb:88:in `service'
  /Users/jacquelynfambrough/.rvm/rubies/ruby-2.2.1/lib/ruby/2.2.0/webrick/httpserver.rb:138:in `service'
  /Users/jacquelynfambrough/.rvm/rubies/ruby-2.2.1/lib/ruby/2.2.0/webrick/httpserver.rb:94:in `run'
  /Users/jacquelynfambrough/.rvm/rubies/ruby-2.2.1/lib/ruby/2.2.0/webrick/server.rb:294:in `block in start_thread'


  Rendered /Users/jacquelynfambrough/.rvm/gems/ruby-2.2.1/gems/actionpack-4.2.6/lib/action_dispatch/middleware/templates/rescues/_trace.html.erb (4.0ms)
  Rendered /Users/jacquelynfambrough/.rvm/gems/ruby-2.2.1/gems/actionpack-4.2.6/lib/action_dispatch/middleware/templates/routes/_route.html.erb (1.1ms)
  Rendered /Users/jacquelynfambrough/.rvm/gems/ruby-2.2.1/gems/actionpack-4.2.6/lib/action_dispatch/middleware/templates/routes/_table.html.erb (2.5ms)
  Rendered /Users/jacquelynfambrough/.rvm/gems/ruby-2.2.1/gems/actionpack-4.2.6/lib/action_dispatch/middleware/templates/rescues/_request_and_response.html.erb (4.6ms)
  Rendered /Users/jacquelynfambrough/.rvm/gems/ruby-2.2.1/gems/actionpack-4.2.6/lib/action_dispatch/middleware/templates/rescues/routing_error.html.erb within rescues/layout (100.5ms)
  Rendered /Users/jacquelynfambrough/.rvm/gems/ruby-2.2.1/gems/web-console-2.3.0/lib/web_console/templates/_markup.html.erb (1.0ms)
  Rendered /Users/jacquelynfambrough/.rvm/gems/ruby-2.2.1/gems/web-console-2.3.0/lib/web_console/templates/_inner_console_markup.html.erb within layouts/inlined_string (0.4ms)
  Rendered /Users/jacquelynfambrough/.rvm/gems/ruby-2.2.1/gems/web-console-2.3.0/lib/web_console/templates/_prompt_box_markup.html.erb within layouts/inlined_string (0.6ms)
  Rendered /Users/jacquelynfambrough/.rvm/gems/ruby-2.2.1/gems/web-console-2.3.0/lib/web_console/templates/style.css.erb within layouts/inlined_string (0.5ms)
  Rendered /Users/jacquelynfambrough/.rvm/gems/ruby-2.2.1/gems/web-console-2.3.0/lib/web_console/templates/console.js.erb within layouts/javascript (57.3ms)
  Rendered /Users/jacquelynfambrough/.rvm/gems/ruby-2.2.1/gems/web-console-2.3.0/lib/web_console/templates/main.js.erb within layouts/javascript (0.4ms)
  Rendered /Users/jacquelynfambrough/.rvm/gems/ruby-2.2.1/gems/web-console-2.3.0/lib/web_console/templates/error_page.js.erb within layouts/javascript (1.2ms)
  Rendered /Users/jacquelynfambrough/.rvm/gems/ruby-2.2.1/gems/web-console-2.3.0/lib/web_console/templates/index.html.erb (125.5ms)


Started GET "/creatures" for ::1 at 2016-04-30 23:35:04 -0700
Processing by CreaturesController#index as HTML
Completed 500 Internal Server Error in 10ms (ActiveRecord: 0.0ms)

ActionView::MissingTemplate (Missing template creatures/index, application/index with {:locale=>[:en], :formats=>[:html], :variants=>[], :handlers=>[:erb, :builder, :raw, :ruby, :coffee, :jbuilder]}. Searched in:
  * "/Users/jacquelynfambrough/WDI/rails-bog-app/bog_app/bog_app/app/views"
):
  app/controllers/creatures_controller.rb:6:in `index'


  Rendered /Users/jacquelynfambrough/.rvm/gems/ruby-2.2.1/gems/actionpack-4.2.6/lib/action_dispatch/middleware/templates/rescues/_source.erb (5.4ms)
  Rendered /Users/jacquelynfambrough/.rvm/gems/ruby-2.2.1/gems/actionpack-4.2.6/lib/action_dispatch/middleware/templates/rescues/_trace.html.erb (2.4ms)
  Rendered /Users/jacquelynfambrough/.rvm/gems/ruby-2.2.1/gems/actionpack-4.2.6/lib/action_dispatch/middleware/templates/rescues/_request_and_response.html.erb (0.9ms)
  Rendered /Users/jacquelynfambrough/.rvm/gems/ruby-2.2.1/gems/actionpack-4.2.6/lib/action_dispatch/middleware/templates/rescues/missing_template.html.erb within rescues/layout (58.9ms)
  Rendered /Users/jacquelynfambrough/.rvm/gems/ruby-2.2.1/gems/web-console-2.3.0/lib/web_console/templates/_markup.html.erb (0.4ms)
  Rendered /Users/jacquelynfambrough/.rvm/gems/ruby-2.2.1/gems/web-console-2.3.0/lib/web_console/templates/_inner_console_markup.html.erb within layouts/inlined_string (0.3ms)
  Rendered /Users/jacquelynfambrough/.rvm/gems/ruby-2.2.1/gems/web-console-2.3.0/lib/web_console/templates/_prompt_box_markup.html.erb within layouts/inlined_string (0.3ms)
  Rendered /Users/jacquelynfambrough/.rvm/gems/ruby-2.2.1/gems/web-console-2.3.0/lib/web_console/templates/style.css.erb within layouts/inlined_string (0.4ms)
  Rendered /Users/jacquelynfambrough/.rvm/gems/ruby-2.2.1/gems/web-console-2.3.0/lib/web_console/templates/console.js.erb within layouts/javascript (45.0ms)
  Rendered /Users/jacquelynfambrough/.rvm/gems/ruby-2.2.1/gems/web-console-2.3.0/lib/web_console/templates/main.js.erb within layouts/javascript (0.3ms)
  Rendered /Users/jacquelynfambrough/.rvm/gems/ruby-2.2.1/gems/web-console-2.3.0/lib/web_console/templates/error_page.js.erb within layouts/javascript (0.5ms)
  Rendered /Users/jacquelynfambrough/.rvm/gems/ruby-2.2.1/gems/web-console-2.3.0/lib/web_console/templates/index.html.erb (113.5ms)


Started GET "/creatures" for ::1 at 2016-04-30 23:40:11 -0700
Processing by CreaturesController#index as HTML
  [1m[35mCreature Load (0.2ms)[0m  SELECT "creatures".* FROM "creatures"
  Rendered creatures/index.html.erb within layouts/application (7.6ms)
Completed 500 Internal Server Error in 15ms (ActiveRecord: 0.6ms)

ActionView::Template::Error (undefined method `name' for nil:NilClass):
    1: <%= @creatures.each do |creature| %>
    2:   <p>
    3:     <b><%= @creature.name %></b>
    4:     <b><%= @creature.description %></b>
    5:   </p>
    6: <% end %>
  app/views/creatures/index.html.erb:3:in `block in _app_views_creatures_index_html_erb__503442521170365247_70198660162200'
  app/views/creatures/index.html.erb:1:in `_app_views_creatures_index_html_erb__503442521170365247_70198660162200'
  app/controllers/creatures_controller.rb:6:in `index'


  Rendered /Users/jacquelynfambrough/.rvm/gems/ruby-2.2.1/gems/actionpack-4.2.6/lib/action_dispatch/middleware/templates/rescues/_source.erb (7.5ms)
  Rendered /Users/jacquelynfambrough/.rvm/gems/ruby-2.2.1/gems/actionpack-4.2.6/lib/action_dispatch/middleware/templates/rescues/_trace.html.erb (4.8ms)
  Rendered /Users/jacquelynfambrough/.rvm/gems/ruby-2.2.1/gems/actionpack-4.2.6/lib/action_dispatch/middleware/templates/rescues/_request_and_response.html.erb (0.8ms)
  Rendered /Users/jacquelynfambrough/.rvm/gems/ruby-2.2.1/gems/actionpack-4.2.6/lib/action_dispatch/middleware/templates/rescues/template_error.html.erb within rescues/layout (65.4ms)
  Rendered /Users/jacquelynfambrough/.rvm/gems/ruby-2.2.1/gems/web-console-2.3.0/lib/web_console/templates/_markup.html.erb (0.7ms)
  Rendered /Users/jacquelynfambrough/.rvm/gems/ruby-2.2.1/gems/web-console-2.3.0/lib/web_console/templates/_inner_console_markup.html.erb within layouts/inlined_string (0.5ms)
  Rendered /Users/jacquelynfambrough/.rvm/gems/ruby-2.2.1/gems/web-console-2.3.0/lib/web_console/templates/_prompt_box_markup.html.erb within layouts/inlined_string (0.6ms)
  Rendered /Users/jacquelynfambrough/.rvm/gems/ruby-2.2.1/gems/web-console-2.3.0/lib/web_console/templates/style.css.erb within layouts/inlined_string (0.3ms)
  Rendered /Users/jacquelynfambrough/.rvm/gems/ruby-2.2.1/gems/web-console-2.3.0/lib/web_console/templates/console.js.erb within layouts/javascript (66.0ms)
  Rendered /Users/jacquelynfambrough/.rvm/gems/ruby-2.2.1/gems/web-console-2.3.0/lib/web_console/templates/main.js.erb within layouts/javascript (0.5ms)
  Rendered /Users/jacquelynfambrough/.rvm/gems/ruby-2.2.1/gems/web-console-2.3.0/lib/web_console/templates/error_page.js.erb within layouts/javascript (0.4ms)
  Rendered /Users/jacquelynfambrough/.rvm/gems/ruby-2.2.1/gems/web-console-2.3.0/lib/web_console/templates/index.html.erb (130.7ms)


Started GET "/creatures" for ::1 at 2016-04-30 23:43:18 -0700
Processing by CreaturesController#index as HTML
  [1m[36mCreature Load (0.2ms)[0m  [1mSELECT "creatures".* FROM "creatures"[0m
  Rendered creatures/index.html.erb within layouts/application (3.9ms)
Completed 500 Internal Server Error in 13ms (ActiveRecord: 0.2ms)

ActionView::Template::Error (undefined method `name' for nil:NilClass):
    1: <%= @creatures.each do |creature| %>
    2:   <p>
    3:     <b>Name:</b><%= @creature.name %> <br><br>
    4:     <b>Description:</b><%= @creature.description %>
    5:   </p>
    6: <% end %>
  app/views/creatures/index.html.erb:3:in `block in _app_views_creatures_index_html_erb__503442521170365247_70198670194500'
  app/views/creatures/index.html.erb:1:in `_app_views_creatures_index_html_erb__503442521170365247_70198670194500'
  app/controllers/creatures_controller.rb:6:in `index'


  Rendered /Users/jacquelynfambrough/.rvm/gems/ruby-2.2.1/gems/actionpack-4.2.6/lib/action_dispatch/middleware/templates/rescues/_source.erb (11.2ms)
  Rendered /Users/jacquelynfambrough/.rvm/gems/ruby-2.2.1/gems/actionpack-4.2.6/lib/action_dispatch/middleware/templates/rescues/_trace.html.erb (2.7ms)
  Rendered /Users/jacquelynfambrough/.rvm/gems/ruby-2.2.1/gems/actionpack-4.2.6/lib/action_dispatch/middleware/templates/rescues/_request_and_response.html.erb (0.9ms)
  Rendered /Users/jacquelynfambrough/.rvm/gems/ruby-2.2.1/gems/actionpack-4.2.6/lib/action_dispatch/middleware/templates/rescues/template_error.html.erb within rescues/layout (63.9ms)
  Rendered /Users/jacquelynfambrough/.rvm/gems/ruby-2.2.1/gems/web-console-2.3.0/lib/web_console/templates/_markup.html.erb (0.4ms)
  Rendered /Users/jacquelynfambrough/.rvm/gems/ruby-2.2.1/gems/web-console-2.3.0/lib/web_console/templates/_inner_console_markup.html.erb within layouts/inlined_string (0.3ms)
  Rendered /Users/jacquelynfambrough/.rvm/gems/ruby-2.2.1/gems/web-console-2.3.0/lib/web_console/templates/_prompt_box_markup.html.erb within layouts/inlined_string (0.4ms)
  Rendered /Users/jacquelynfambrough/.rvm/gems/ruby-2.2.1/gems/web-console-2.3.0/lib/web_console/templates/style.css.erb within layouts/inlined_string (0.4ms)
  Rendered /Users/jacquelynfambrough/.rvm/gems/ruby-2.2.1/gems/web-console-2.3.0/lib/web_console/templates/console.js.erb within layouts/javascript (51.8ms)
  Rendered /Users/jacquelynfambrough/.rvm/gems/ruby-2.2.1/gems/web-console-2.3.0/lib/web_console/templates/main.js.erb within layouts/javascript (0.3ms)
  Rendered /Users/jacquelynfambrough/.rvm/gems/ruby-2.2.1/gems/web-console-2.3.0/lib/web_console/templates/error_page.js.erb within layouts/javascript (0.4ms)
  Rendered /Users/jacquelynfambrough/.rvm/gems/ruby-2.2.1/gems/web-console-2.3.0/lib/web_console/templates/index.html.erb (113.2ms)


Started GET "/creatures" for ::1 at 2016-04-30 23:43:51 -0700
Processing by CreaturesController#index as HTML
  [1m[35mCreature Load (0.2ms)[0m  SELECT "creatures".* FROM "creatures"
  Rendered creatures/index.html.erb within layouts/application (6.6ms)
Completed 500 Internal Server Error in 14ms (ActiveRecord: 0.2ms)

ActionView::Template::Error (undefined method `description' for #<Creature::ActiveRecord_Relation:0x007fb0d080bfa0>):
    1: <%= @creatures.each do |creature| %>
    2:   <p>
    3:     <b>Name:</b><%= @creatures.name %> <br><br>
    4:     <b>Description:</b><%= @creatures.description %>
    5:   </p>
    6: <% end %>
  app/views/creatures/index.html.erb:4:in `block in _app_views_creatures_index_html_erb__503442521170365247_70198694531600'
  app/views/creatures/index.html.erb:1:in `_app_views_creatures_index_html_erb__503442521170365247_70198694531600'
  app/controllers/creatures_controller.rb:6:in `index'


  Rendered /Users/jacquelynfambrough/.rvm/gems/ruby-2.2.1/gems/actionpack-4.2.6/lib/action_dispatch/middleware/templates/rescues/_source.erb (12.1ms)
  Rendered /Users/jacquelynfambrough/.rvm/gems/ruby-2.2.1/gems/actionpack-4.2.6/lib/action_dispatch/middleware/templates/rescues/_trace.html.erb (4.5ms)
  Rendered /Users/jacquelynfambrough/.rvm/gems/ruby-2.2.1/gems/actionpack-4.2.6/lib/action_dispatch/middleware/templates/rescues/_request_and_response.html.erb (1.6ms)
  Rendered /Users/jacquelynfambrough/.rvm/gems/ruby-2.2.1/gems/actionpack-4.2.6/lib/action_dispatch/middleware/templates/rescues/template_error.html.erb within rescues/layout (82.4ms)
  Rendered /Users/jacquelynfambrough/.rvm/gems/ruby-2.2.1/gems/web-console-2.3.0/lib/web_console/templates/_markup.html.erb (0.4ms)
  Rendered /Users/jacquelynfambrough/.rvm/gems/ruby-2.2.1/gems/web-console-2.3.0/lib/web_console/templates/_inner_console_markup.html.erb within layouts/inlined_string (0.6ms)
  Rendered /Users/jacquelynfambrough/.rvm/gems/ruby-2.2.1/gems/web-console-2.3.0/lib/web_console/templates/_prompt_box_markup.html.erb within layouts/inlined_string (0.3ms)
  Rendered /Users/jacquelynfambrough/.rvm/gems/ruby-2.2.1/gems/web-console-2.3.0/lib/web_console/templates/style.css.erb within layouts/inlined_string (0.3ms)
  Rendered /Users/jacquelynfambrough/.rvm/gems/ruby-2.2.1/gems/web-console-2.3.0/lib/web_console/templates/console.js.erb within layouts/javascript (52.9ms)
  Rendered /Users/jacquelynfambrough/.rvm/gems/ruby-2.2.1/gems/web-console-2.3.0/lib/web_console/templates/main.js.erb within layouts/javascript (0.6ms)
  Rendered /Users/jacquelynfambrough/.rvm/gems/ruby-2.2.1/gems/web-console-2.3.0/lib/web_console/templates/error_page.js.erb within layouts/javascript (0.3ms)
  Rendered /Users/jacquelynfambrough/.rvm/gems/ruby-2.2.1/gems/web-console-2.3.0/lib/web_console/templates/index.html.erb (116.7ms)


Started GET "/creatures" for ::1 at 2016-04-30 23:44:52 -0700
Processing by CreaturesController#index as HTML
  [1m[36mCreature Load (0.3ms)[0m  [1mSELECT "creatures".* FROM "creatures"[0m
  Rendered creatures/index.html.erb within layouts/application (9.2ms)
Completed 500 Internal Server Error in 19ms (ActiveRecord: 0.5ms)

ActionView::Template::Error (undefined method `description' for #<Creature::ActiveRecord_Relation:0x007fb0cc79d400>):
    1: <%= @creatures.each do |creature| %>
    2:   <p>
    3:     <b>Name:</b><%= @creatures.name %> <br><br>
    4:     <b>Description:</b><%= @creatures.description %>
    5:   </p>
    6: <% end %>
  app/views/creatures/index.html.erb:4:in `block in _app_views_creatures_index_html_erb__503442521170365247_70198660724560'
  app/views/creatures/index.html.erb:1:in `_app_views_creatures_index_html_erb__503442521170365247_70198660724560'
  app/controllers/creatures_controller.rb:6:in `index'


  Rendered /Users/jacquelynfambrough/.rvm/gems/ruby-2.2.1/gems/actionpack-4.2.6/lib/action_dispatch/middleware/templates/rescues/_source.erb (12.0ms)
  Rendered /Users/jacquelynfambrough/.rvm/gems/ruby-2.2.1/gems/actionpack-4.2.6/lib/action_dispatch/middleware/templates/rescues/_trace.html.erb (2.9ms)
  Rendered /Users/jacquelynfambrough/.rvm/gems/ruby-2.2.1/gems/actionpack-4.2.6/lib/action_dispatch/middleware/templates/rescues/_request_and_response.html.erb (1.7ms)
  Rendered /Users/jacquelynfambrough/.rvm/gems/ruby-2.2.1/gems/actionpack-4.2.6/lib/action_dispatch/middleware/templates/rescues/template_error.html.erb within rescues/layout (73.8ms)
  Rendered /Users/jacquelynfambrough/.rvm/gems/ruby-2.2.1/gems/web-console-2.3.0/lib/web_console/templates/_markup.html.erb (0.5ms)
  Rendered /Users/jacquelynfambrough/.rvm/gems/ruby-2.2.1/gems/web-console-2.3.0/lib/web_console/templates/_inner_console_markup.html.erb within layouts/inlined_string (0.5ms)
  Rendered /Users/jacquelynfambrough/.rvm/gems/ruby-2.2.1/gems/web-console-2.3.0/lib/web_console/templates/_prompt_box_markup.html.erb within layouts/inlined_string (0.6ms)
  Rendered /Users/jacquelynfambrough/.rvm/gems/ruby-2.2.1/gems/web-console-2.3.0/lib/web_console/templates/style.css.erb within layouts/inlined_string (0.7ms)
  Rendered /Users/jacquelynfambrough/.rvm/gems/ruby-2.2.1/gems/web-console-2.3.0/lib/web_console/templates/console.js.erb within layouts/javascript (63.7ms)
  Rendered /Users/jacquelynfambrough/.rvm/gems/ruby-2.2.1/gems/web-console-2.3.0/lib/web_console/templates/main.js.erb within layouts/javascript (0.5ms)
  Rendered /Users/jacquelynfambrough/.rvm/gems/ruby-2.2.1/gems/web-console-2.3.0/lib/web_console/templates/error_page.js.erb within layouts/javascript (0.5ms)
  Rendered /Users/jacquelynfambrough/.rvm/gems/ruby-2.2.1/gems/web-console-2.3.0/lib/web_console/templates/index.html.erb (126.7ms)


Started GET "/creatures" for ::1 at 2016-04-30 23:45:37 -0700
Processing by CreaturesController#index as HTML
  [1m[35mCreature Load (0.2ms)[0m  SELECT "creatures".* FROM "creatures"
  Rendered creatures/index.html.erb within layouts/application (5.8ms)
Completed 500 Internal Server Error in 14ms (ActiveRecord: 0.2ms)

ActionView::Template::Error (undefined method `description' for #<Creature::ActiveRecord_Relation:0x007fb0ccad1838>):
    1: <!-- <%= @creatures.each do |creature| %>
    2:   <p>
    3:     <b>Name:</b><%= @creatures.name %> <br><br>
    4:     <b>Description:</b><%= @creatures.description %>
    5:   </p>
    6: <% end %> -->
    7: 
  app/views/creatures/index.html.erb:4:in `block in _app_views_creatures_index_html_erb__503442521170365247_70198662372340'
  app/views/creatures/index.html.erb:1:in `_app_views_creatures_index_html_erb__503442521170365247_70198662372340'
  app/controllers/creatures_controller.rb:6:in `index'


  Rendered /Users/jacquelynfambrough/.rvm/gems/ruby-2.2.1/gems/actionpack-4.2.6/lib/action_dispatch/middleware/templates/rescues/_source.erb (6.5ms)
  Rendered /Users/jacquelynfambrough/.rvm/gems/ruby-2.2.1/gems/actionpack-4.2.6/lib/action_dispatch/middleware/templates/rescues/_trace.html.erb (5.0ms)
  Rendered /Users/jacquelynfambrough/.rvm/gems/ruby-2.2.1/gems/actionpack-4.2.6/lib/action_dispatch/middleware/templates/rescues/_request_and_response.html.erb (1.6ms)
  Rendered /Users/jacquelynfambrough/.rvm/gems/ruby-2.2.1/gems/actionpack-4.2.6/lib/action_dispatch/middleware/templates/rescues/template_error.html.erb within rescues/layout (66.5ms)
  Rendered /Users/jacquelynfambrough/.rvm/gems/ruby-2.2.1/gems/web-console-2.3.0/lib/web_console/templates/_markup.html.erb (0.4ms)
  Rendered /Users/jacquelynfambrough/.rvm/gems/ruby-2.2.1/gems/web-console-2.3.0/lib/web_console/templates/_inner_console_markup.html.erb within layouts/inlined_string (0.4ms)
  Rendered /Users/jacquelynfambrough/.rvm/gems/ruby-2.2.1/gems/web-console-2.3.0/lib/web_console/templates/_prompt_box_markup.html.erb within layouts/inlined_string (0.6ms)
  Rendered /Users/jacquelynfambrough/.rvm/gems/ruby-2.2.1/gems/web-console-2.3.0/lib/web_console/templates/style.css.erb within layouts/inlined_string (0.4ms)
  Rendered /Users/jacquelynfambrough/.rvm/gems/ruby-2.2.1/gems/web-console-2.3.0/lib/web_console/templates/console.js.erb within layouts/javascript (52.6ms)
  Rendered /Users/jacquelynfambrough/.rvm/gems/ruby-2.2.1/gems/web-console-2.3.0/lib/web_console/templates/main.js.erb within layouts/javascript (0.7ms)
  Rendered /Users/jacquelynfambrough/.rvm/gems/ruby-2.2.1/gems/web-console-2.3.0/lib/web_console/templates/error_page.js.erb within layouts/javascript (0.4ms)
  Rendered /Users/jacquelynfambrough/.rvm/gems/ruby-2.2.1/gems/web-console-2.3.0/lib/web_console/templates/index.html.erb (115.7ms)


Started GET "/creatures" for ::1 at 2016-04-30 23:45:58 -0700
Processing by CreaturesController#index as HTML
  [1m[36mCreature Load (0.1ms)[0m  [1mSELECT "creatures".* FROM "creatures"[0m
  Rendered creatures/index.html.erb within layouts/application (1.0ms)
Completed 200 OK in 1408ms (Views: 1406.8ms | ActiveRecord: 0.1ms)


Started GET "/assets/application.self-7d9be866a00c11e86bbff512d3ba497100985c9a1cd9ab9c0684a95fca1ea07c.css?body=1" for ::1 at 2016-04-30 23:46:00 -0700


Started GET "/assets/jquery_ujs.self-e87806d0cf4489aeb1bb7288016024e8de67fd18db693fe026fe3907581e53cd.js?body=1" for ::1 at 2016-04-30 23:46:00 -0700


Started GET "/assets/creatures.self-877aef30ae1b040ab8a3aba4e3e309a11d7f2612f44dde450b5c157aa5f95c05.js?body=1" for ::1 at 2016-04-30 23:46:00 -0700


Started GET "/assets/turbolinks.self-c37727e9bd6b2735da5c311aa83fead54ed0be6cc8bd9a65309e9c5abe2cbfff.js?body=1" for ::1 at 2016-04-30 23:46:00 -0700


Started GET "/assets/application.self-3b8dabdc891efe46b9a144b400ad69e37d7e5876bdc39dee783419a69d7ca819.js?body=1" for ::1 at 2016-04-30 23:46:00 -0700


Started GET "/assets/jquery.self-660adc51e0224b731d29f575a6f1ec167ba08ad06ed5deca4f1e8654c135bf4c.js?body=1" for ::1 at 2016-04-30 23:46:00 -0700


Started GET "/creatures" for ::1 at 2016-04-30 23:47:30 -0700
Processing by CreaturesController#index as HTML
  [1m[35mCreature Load (0.4ms)[0m  SELECT "creatures".* FROM "creatures"
  Rendered creatures/index.html.erb within layouts/application (2.1ms)
Completed 200 OK in 59ms (Views: 57.8ms | ActiveRecord: 0.4ms)


Started GET "/assets/jquery.self-660adc51e0224b731d29f575a6f1ec167ba08ad06ed5deca4f1e8654c135bf4c.js?body=1" for ::1 at 2016-04-30 23:47:31 -0700


Started GET "/assets/jquery_ujs.self-e87806d0cf4489aeb1bb7288016024e8de67fd18db693fe026fe3907581e53cd.js?body=1" for ::1 at 2016-04-30 23:47:31 -0700


Started GET "/assets/creatures.self-877aef30ae1b040ab8a3aba4e3e309a11d7f2612f44dde450b5c157aa5f95c05.js?body=1" for ::1 at 2016-04-30 23:47:31 -0700


Started GET "/assets/turbolinks.self-c37727e9bd6b2735da5c311aa83fead54ed0be6cc8bd9a65309e9c5abe2cbfff.js?body=1" for ::1 at 2016-04-30 23:47:31 -0700


Started GET "/assets/application.self-7d9be866a00c11e86bbff512d3ba497100985c9a1cd9ab9c0684a95fca1ea07c.css?body=1" for ::1 at 2016-04-30 23:47:31 -0700


Started GET "/assets/application.self-3b8dabdc891efe46b9a144b400ad69e37d7e5876bdc39dee783419a69d7ca819.js?body=1" for ::1 at 2016-04-30 23:47:31 -0700


Started GET "/creatures" for ::1 at 2016-04-30 23:55:28 -0700
Processing by CreaturesController#index as HTML
  [1m[36mCreature Load (0.9ms)[0m  [1mSELECT "creatures".* FROM "creatures"[0m
  Rendered creatures/index.html.erb within layouts/application (5.3ms)
Completed 200 OK in 38ms (Views: 36.0ms | ActiveRecord: 0.9ms)


Started GET "/assets/application.self-7d9be866a00c11e86bbff512d3ba497100985c9a1cd9ab9c0684a95fca1ea07c.css?body=1" for ::1 at 2016-04-30 23:55:28 -0700


Started GET "/assets/application.self-3b8dabdc891efe46b9a144b400ad69e37d7e5876bdc39dee783419a69d7ca819.js?body=1" for ::1 at 2016-04-30 23:55:28 -0700


Started GET "/assets/jquery_ujs.self-e87806d0cf4489aeb1bb7288016024e8de67fd18db693fe026fe3907581e53cd.js?body=1" for ::1 at 2016-04-30 23:55:28 -0700


Started GET "/assets/jquery.self-660adc51e0224b731d29f575a6f1ec167ba08ad06ed5deca4f1e8654c135bf4c.js?body=1" for ::1 at 2016-04-30 23:55:28 -0700


Started GET "/assets/creatures.self-877aef30ae1b040ab8a3aba4e3e309a11d7f2612f44dde450b5c157aa5f95c05.js?body=1" for ::1 at 2016-04-30 23:55:28 -0700


Started GET "/assets/turbolinks.self-c37727e9bd6b2735da5c311aa83fead54ed0be6cc8bd9a65309e9c5abe2cbfff.js?body=1" for ::1 at 2016-04-30 23:55:28 -0700


Started GET "/new" for ::1 at 2016-04-30 23:55:35 -0700

ActionController::RoutingError (No route matches [GET] "/new"):
  actionpack (4.2.6) lib/action_dispatch/middleware/debug_exceptions.rb:21:in `call'
  web-console (2.3.0) lib/web_console/middleware.rb:28:in `block in call'
  web-console (2.3.0) lib/web_console/middleware.rb:18:in `catch'
  web-console (2.3.0) lib/web_console/middleware.rb:18:in `call'
  actionpack (4.2.6) lib/action_dispatch/middleware/show_exceptions.rb:30:in `call'
  railties (4.2.6) lib/rails/rack/logger.rb:38:in `call_app'
  railties (4.2.6) lib/rails/rack/logger.rb:20:in `block in call'
  activesupport (4.2.6) lib/active_support/tagged_logging.rb:68:in `block in tagged'
  activesupport (4.2.6) lib/active_support/tagged_logging.rb:26:in `tagged'
  activesupport (4.2.6) lib/active_support/tagged_logging.rb:68:in `tagged'
  railties (4.2.6) lib/rails/rack/logger.rb:20:in `call'
  actionpack (4.2.6) lib/action_dispatch/middleware/request_id.rb:21:in `call'
  rack (1.6.4) lib/rack/methodoverride.rb:22:in `call'
  rack (1.6.4) lib/rack/runtime.rb:18:in `call'
  activesupport (4.2.6) lib/active_support/cache/strategy/local_cache_middleware.rb:28:in `call'
  rack (1.6.4) lib/rack/lock.rb:17:in `call'
  actionpack (4.2.6) lib/action_dispatch/middleware/static.rb:120:in `call'
  rack (1.6.4) lib/rack/sendfile.rb:113:in `call'
  railties (4.2.6) lib/rails/engine.rb:518:in `call'
  railties (4.2.6) lib/rails/application.rb:165:in `call'
  rack (1.6.4) lib/rack/lock.rb:17:in `call'
  rack (1.6.4) lib/rack/content_length.rb:15:in `call'
  rack (1.6.4) lib/rack/handler/webrick.rb:88:in `service'
  /Users/jacquelynfambrough/.rvm/rubies/ruby-2.2.1/lib/ruby/2.2.0/webrick/httpserver.rb:138:in `service'
  /Users/jacquelynfambrough/.rvm/rubies/ruby-2.2.1/lib/ruby/2.2.0/webrick/httpserver.rb:94:in `run'
  /Users/jacquelynfambrough/.rvm/rubies/ruby-2.2.1/lib/ruby/2.2.0/webrick/server.rb:294:in `block in start_thread'


  Rendered /Users/jacquelynfambrough/.rvm/gems/ruby-2.2.1/gems/actionpack-4.2.6/lib/action_dispatch/middleware/templates/rescues/_trace.html.erb (1.3ms)
  Rendered /Users/jacquelynfambrough/.rvm/gems/ruby-2.2.1/gems/actionpack-4.2.6/lib/action_dispatch/middleware/templates/routes/_route.html.erb (1.3ms)
  Rendered /Users/jacquelynfambrough/.rvm/gems/ruby-2.2.1/gems/actionpack-4.2.6/lib/action_dispatch/middleware/templates/routes/_table.html.erb (1.3ms)
  Rendered /Users/jacquelynfambrough/.rvm/gems/ruby-2.2.1/gems/actionpack-4.2.6/lib/action_dispatch/middleware/templates/rescues/_request_and_response.html.erb (1.6ms)
  Rendered /Users/jacquelynfambrough/.rvm/gems/ruby-2.2.1/gems/actionpack-4.2.6/lib/action_dispatch/middleware/templates/rescues/routing_error.html.erb within rescues/layout (69.3ms)
  Rendered /Users/jacquelynfambrough/.rvm/gems/ruby-2.2.1/gems/web-console-2.3.0/lib/web_console/templates/_markup.html.erb (0.5ms)
  Rendered /Users/jacquelynfambrough/.rvm/gems/ruby-2.2.1/gems/web-console-2.3.0/lib/web_console/templates/_inner_console_markup.html.erb within layouts/inlined_string (0.5ms)
  Rendered /Users/jacquelynfambrough/.rvm/gems/ruby-2.2.1/gems/web-console-2.3.0/lib/web_console/templates/_prompt_box_markup.html.erb within layouts/inlined_string (0.4ms)
  Rendered /Users/jacquelynfambrough/.rvm/gems/ruby-2.2.1/gems/web-console-2.3.0/lib/web_console/templates/style.css.erb within layouts/inlined_string (0.3ms)
  Rendered /Users/jacquelynfambrough/.rvm/gems/ruby-2.2.1/gems/web-console-2.3.0/lib/web_console/templates/console.js.erb within layouts/javascript (50.3ms)
  Rendered /Users/jacquelynfambrough/.rvm/gems/ruby-2.2.1/gems/web-console-2.3.0/lib/web_console/templates/main.js.erb within layouts/javascript (0.4ms)
  Rendered /Users/jacquelynfambrough/.rvm/gems/ruby-2.2.1/gems/web-console-2.3.0/lib/web_console/templates/error_page.js.erb within layouts/javascript (0.4ms)
  Rendered /Users/jacquelynfambrough/.rvm/gems/ruby-2.2.1/gems/web-console-2.3.0/lib/web_console/templates/index.html.erb (118.3ms)


Started GET "/creatures" for ::1 at 2016-04-30 23:57:32 -0700
Processing by CreaturesController#index as HTML
  [1m[35mCreature Load (0.4ms)[0m  SELECT "creatures".* FROM "creatures"
  Rendered creatures/index.html.erb within layouts/application (5.1ms)
Completed 200 OK in 31ms (Views: 28.2ms | ActiveRecord: 0.7ms)


Started GET "/assets/turbolinks.self-c37727e9bd6b2735da5c311aa83fead54ed0be6cc8bd9a65309e9c5abe2cbfff.js?body=1" for ::1 at 2016-04-30 23:57:32 -0700


Started GET "/assets/jquery.self-660adc51e0224b731d29f575a6f1ec167ba08ad06ed5deca4f1e8654c135bf4c.js?body=1" for ::1 at 2016-04-30 23:57:32 -0700


Started GET "/assets/application.self-7d9be866a00c11e86bbff512d3ba497100985c9a1cd9ab9c0684a95fca1ea07c.css?body=1" for ::1 at 2016-04-30 23:57:32 -0700


Started GET "/assets/jquery_ujs.self-e87806d0cf4489aeb1bb7288016024e8de67fd18db693fe026fe3907581e53cd.js?body=1" for ::1 at 2016-04-30 23:57:32 -0700


Started GET "/assets/application.self-3b8dabdc891efe46b9a144b400ad69e37d7e5876bdc39dee783419a69d7ca819.js?body=1" for ::1 at 2016-04-30 23:57:32 -0700


Started GET "/assets/creatures.self-877aef30ae1b040ab8a3aba4e3e309a11d7f2612f44dde450b5c157aa5f95c05.js?body=1" for ::1 at 2016-04-30 23:57:32 -0700


Started GET "/creatures/new" for ::1 at 2016-04-30 23:57:35 -0700

AbstractController::ActionNotFound (The action 'create' could not be found for CreaturesController):
  actionpack (4.2.6) lib/abstract_controller/base.rb:132:in `process'
  actionview (4.2.6) lib/action_view/rendering.rb:30:in `process'
  actionpack (4.2.6) lib/action_controller/metal.rb:196:in `dispatch'
  actionpack (4.2.6) lib/action_controller/metal/rack_delegation.rb:13:in `dispatch'
  actionpack (4.2.6) lib/action_controller/metal.rb:237:in `block in action'
  actionpack (4.2.6) lib/action_dispatch/routing/route_set.rb:74:in `call'
  actionpack (4.2.6) lib/action_dispatch/routing/route_set.rb:74:in `dispatch'
  actionpack (4.2.6) lib/action_dispatch/routing/route_set.rb:43:in `serve'
  actionpack (4.2.6) lib/action_dispatch/journey/router.rb:43:in `block in serve'
  actionpack (4.2.6) lib/action_dispatch/journey/router.rb:30:in `each'
  actionpack (4.2.6) lib/action_dispatch/journey/router.rb:30:in `serve'
  actionpack (4.2.6) lib/action_dispatch/routing/route_set.rb:817:in `call'
  rack (1.6.4) lib/rack/etag.rb:24:in `call'
  rack (1.6.4) lib/rack/conditionalget.rb:25:in `call'
  rack (1.6.4) lib/rack/head.rb:13:in `call'
  actionpack (4.2.6) lib/action_dispatch/middleware/params_parser.rb:27:in `call'
  actionpack (4.2.6) lib/action_dispatch/middleware/flash.rb:260:in `call'
  rack (1.6.4) lib/rack/session/abstract/id.rb:225:in `context'
  rack (1.6.4) lib/rack/session/abstract/id.rb:220:in `call'
  actionpack (4.2.6) lib/action_dispatch/middleware/cookies.rb:560:in `call'
  activerecord (4.2.6) lib/active_record/query_cache.rb:36:in `call'
  activerecord (4.2.6) lib/active_record/connection_adapters/abstract/connection_pool.rb:653:in `call'
  activerecord (4.2.6) lib/active_record/migration.rb:377:in `call'
  actionpack (4.2.6) lib/action_dispatch/middleware/callbacks.rb:29:in `block in call'
  activesupport (4.2.6) lib/active_support/callbacks.rb:88:in `__run_callbacks__'
  activesupport (4.2.6) lib/active_support/callbacks.rb:778:in `_run_call_callbacks'
  activesupport (4.2.6) lib/active_support/callbacks.rb:81:in `run_callbacks'
  actionpack (4.2.6) lib/action_dispatch/middleware/callbacks.rb:27:in `call'
  actionpack (4.2.6) lib/action_dispatch/middleware/reloader.rb:73:in `call'
  actionpack (4.2.6) lib/action_dispatch/middleware/remote_ip.rb:78:in `call'
  actionpack (4.2.6) lib/action_dispatch/middleware/debug_exceptions.rb:17:in `call'
  web-console (2.3.0) lib/web_console/middleware.rb:28:in `block in call'
  web-console (2.3.0) lib/web_console/middleware.rb:18:in `catch'
  web-console (2.3.0) lib/web_console/middleware.rb:18:in `call'
  actionpack (4.2.6) lib/action_dispatch/middleware/show_exceptions.rb:30:in `call'
  railties (4.2.6) lib/rails/rack/logger.rb:38:in `call_app'
  railties (4.2.6) lib/rails/rack/logger.rb:20:in `block in call'
  activesupport (4.2.6) lib/active_support/tagged_logging.rb:68:in `block in tagged'
  activesupport (4.2.6) lib/active_support/tagged_logging.rb:26:in `tagged'
  activesupport (4.2.6) lib/active_support/tagged_logging.rb:68:in `tagged'
  railties (4.2.6) lib/rails/rack/logger.rb:20:in `call'
  actionpack (4.2.6) lib/action_dispatch/middleware/request_id.rb:21:in `call'
  rack (1.6.4) lib/rack/methodoverride.rb:22:in `call'
  rack (1.6.4) lib/rack/runtime.rb:18:in `call'
  activesupport (4.2.6) lib/active_support/cache/strategy/local_cache_middleware.rb:28:in `call'
  rack (1.6.4) lib/rack/lock.rb:17:in `call'
  actionpack (4.2.6) lib/action_dispatch/middleware/static.rb:120:in `call'
  rack (1.6.4) lib/rack/sendfile.rb:113:in `call'
  railties (4.2.6) lib/rails/engine.rb:518:in `call'
  railties (4.2.6) lib/rails/application.rb:165:in `call'
  rack (1.6.4) lib/rack/lock.rb:17:in `call'
  rack (1.6.4) lib/rack/content_length.rb:15:in `call'
  rack (1.6.4) lib/rack/handler/webrick.rb:88:in `service'
  /Users/jacquelynfambrough/.rvm/rubies/ruby-2.2.1/lib/ruby/2.2.0/webrick/httpserver.rb:138:in `service'
  /Users/jacquelynfambrough/.rvm/rubies/ruby-2.2.1/lib/ruby/2.2.0/webrick/httpserver.rb:94:in `run'
  /Users/jacquelynfambrough/.rvm/rubies/ruby-2.2.1/lib/ruby/2.2.0/webrick/server.rb:294:in `block in start_thread'


  Rendered /Users/jacquelynfambrough/.rvm/gems/ruby-2.2.1/gems/actionpack-4.2.6/lib/action_dispatch/middleware/templates/rescues/unknown_action.html.erb within rescues/layout (0.6ms)
  Rendered /Users/jacquelynfambrough/.rvm/gems/ruby-2.2.1/gems/web-console-2.3.0/lib/web_console/templates/_markup.html.erb (0.8ms)
  Rendered /Users/jacquelynfambrough/.rvm/gems/ruby-2.2.1/gems/web-console-2.3.0/lib/web_console/templates/_inner_console_markup.html.erb within layouts/inlined_string (0.5ms)
  Rendered /Users/jacquelynfambrough/.rvm/gems/ruby-2.2.1/gems/web-console-2.3.0/lib/web_console/templates/_prompt_box_markup.html.erb within layouts/inlined_string (0.4ms)
  Rendered /Users/jacquelynfambrough/.rvm/gems/ruby-2.2.1/gems/web-console-2.3.0/lib/web_console/templates/style.css.erb within layouts/inlined_string (0.3ms)
  Rendered /Users/jacquelynfambrough/.rvm/gems/ruby-2.2.1/gems/web-console-2.3.0/lib/web_console/templates/console.js.erb within layouts/javascript (53.6ms)
  Rendered /Users/jacquelynfambrough/.rvm/gems/ruby-2.2.1/gems/web-console-2.3.0/lib/web_console/templates/main.js.erb within layouts/javascript (0.5ms)
  Rendered /Users/jacquelynfambrough/.rvm/gems/ruby-2.2.1/gems/web-console-2.3.0/lib/web_console/templates/error_page.js.erb within layouts/javascript (0.7ms)
  Rendered /Users/jacquelynfambrough/.rvm/gems/ruby-2.2.1/gems/web-console-2.3.0/lib/web_console/templates/index.html.erb (132.0ms)


Started GET "/creatures/new" for ::1 at 2016-04-30 23:57:50 -0700
Processing by CreaturesController#new as HTML
  Rendered creatures/new.html.erb within layouts/application (1.0ms)
Completed 500 Internal Server Error in 16ms (ActiveRecord: 0.5ms)

SyntaxError (/Users/jacquelynfambrough/WDI/rails-bog-app/bog_app/bog_app/app/views/creatures/new.html.erb:5: syntax error, unexpected ',', expecting :: or '[' or '.'
...er.append=( f.text_field,:name, placeholder: "creature name"...
...                               ^
/Users/jacquelynfambrough/WDI/rails-bog-app/bog_app/bog_app/app/views/creatures/new.html.erb:6: syntax error, unexpected ',', expecting :: or '[' or '.'
...nd=( f.text_area, :description, placeholder: "creature descr...
...                               ^):
  app/views/creatures/new.html.erb:5: syntax error, unexpected ',', expecting :: or '[' or '.'
  app/views/creatures/new.html.erb:6: syntax error, unexpected ',', expecting :: or '[' or '.'
  app/controllers/creatures_controller.rb:12:in `new'


  Rendered /Users/jacquelynfambrough/.rvm/gems/ruby-2.2.1/gems/actionpack-4.2.6/lib/action_dispatch/middleware/templates/rescues/_source.erb (6.6ms)
  Rendered /Users/jacquelynfambrough/.rvm/gems/ruby-2.2.1/gems/actionpack-4.2.6/lib/action_dispatch/middleware/templates/rescues/_trace.html.erb (5.5ms)
  Rendered /Users/jacquelynfambrough/.rvm/gems/ruby-2.2.1/gems/actionpack-4.2.6/lib/action_dispatch/middleware/templates/rescues/_request_and_response.html.erb (1.1ms)
  Rendered /Users/jacquelynfambrough/.rvm/gems/ruby-2.2.1/gems/actionpack-4.2.6/lib/action_dispatch/middleware/templates/rescues/diagnostics.html.erb within rescues/layout (66.0ms)
  Rendered /Users/jacquelynfambrough/.rvm/gems/ruby-2.2.1/gems/web-console-2.3.0/lib/web_console/templates/_markup.html.erb (0.4ms)
  Rendered /Users/jacquelynfambrough/.rvm/gems/ruby-2.2.1/gems/web-console-2.3.0/lib/web_console/templates/_inner_console_markup.html.erb within layouts/inlined_string (0.3ms)
  Rendered /Users/jacquelynfambrough/.rvm/gems/ruby-2.2.1/gems/web-console-2.3.0/lib/web_console/templates/_prompt_box_markup.html.erb within layouts/inlined_string (0.4ms)
  Rendered /Users/jacquelynfambrough/.rvm/gems/ruby-2.2.1/gems/web-console-2.3.0/lib/web_console/templates/style.css.erb within layouts/inlined_string (0.6ms)
  Rendered /Users/jacquelynfambrough/.rvm/gems/ruby-2.2.1/gems/web-console-2.3.0/lib/web_console/templates/console.js.erb within layouts/javascript (49.8ms)
  Rendered /Users/jacquelynfambrough/.rvm/gems/ruby-2.2.1/gems/web-console-2.3.0/lib/web_console/templates/main.js.erb within layouts/javascript (0.5ms)
  Rendered /Users/jacquelynfambrough/.rvm/gems/ruby-2.2.1/gems/web-console-2.3.0/lib/web_console/templates/error_page.js.erb within layouts/javascript (0.6ms)
  Rendered /Users/jacquelynfambrough/.rvm/gems/ruby-2.2.1/gems/web-console-2.3.0/lib/web_console/templates/index.html.erb (119.3ms)


Started GET "/creatures/new" for ::1 at 2016-05-01 00:05:48 -0700
Processing by CreaturesController#new as HTML
  Rendered creatures/new.html.erb within layouts/application (29.4ms)
Completed 200 OK in 78ms (Views: 62.9ms | ActiveRecord: 0.8ms)


Started GET "/assets/application.self-7d9be866a00c11e86bbff512d3ba497100985c9a1cd9ab9c0684a95fca1ea07c.css?body=1" for ::1 at 2016-05-01 00:05:48 -0700


Started GET "/assets/jquery.self-660adc51e0224b731d29f575a6f1ec167ba08ad06ed5deca4f1e8654c135bf4c.js?body=1" for ::1 at 2016-05-01 00:05:48 -0700


Started GET "/assets/jquery_ujs.self-e87806d0cf4489aeb1bb7288016024e8de67fd18db693fe026fe3907581e53cd.js?body=1" for ::1 at 2016-05-01 00:05:48 -0700


Started GET "/assets/turbolinks.self-c37727e9bd6b2735da5c311aa83fead54ed0be6cc8bd9a65309e9c5abe2cbfff.js?body=1" for ::1 at 2016-05-01 00:05:48 -0700


Started GET "/assets/creatures.self-877aef30ae1b040ab8a3aba4e3e309a11d7f2612f44dde450b5c157aa5f95c05.js?body=1" for ::1 at 2016-05-01 00:05:48 -0700


Started GET "/assets/application.self-3b8dabdc891efe46b9a144b400ad69e37d7e5876bdc39dee783419a69d7ca819.js?body=1" for ::1 at 2016-05-01 00:05:49 -0700


Started GET "/creatures/new" for ::1 at 2016-05-01 00:06:00 -0700
Processing by CreaturesController#new as HTML
  Rendered creatures/new.html.erb within layouts/application (1.4ms)
Completed 200 OK in 21ms (Views: 19.8ms | ActiveRecord: 0.0ms)


Started GET "/assets/jquery.self-660adc51e0224b731d29f575a6f1ec167ba08ad06ed5deca4f1e8654c135bf4c.js?body=1" for ::1 at 2016-05-01 00:06:01 -0700


Started GET "/assets/jquery_ujs.self-e87806d0cf4489aeb1bb7288016024e8de67fd18db693fe026fe3907581e53cd.js?body=1" for ::1 at 2016-05-01 00:06:01 -0700


Started GET "/assets/application.self-7d9be866a00c11e86bbff512d3ba497100985c9a1cd9ab9c0684a95fca1ea07c.css?body=1" for ::1 at 2016-05-01 00:06:01 -0700


Started GET "/assets/creatures.self-877aef30ae1b040ab8a3aba4e3e309a11d7f2612f44dde450b5c157aa5f95c05.js?body=1" for ::1 at 2016-05-01 00:06:01 -0700


Started GET "/assets/turbolinks.self-c37727e9bd6b2735da5c311aa83fead54ed0be6cc8bd9a65309e9c5abe2cbfff.js?body=1" for ::1 at 2016-05-01 00:06:01 -0700


Started GET "/assets/application.self-3b8dabdc891efe46b9a144b400ad69e37d7e5876bdc39dee783419a69d7ca819.js?body=1" for ::1 at 2016-05-01 00:06:01 -0700


Started GET "/creatures/new" for ::1 at 2016-05-01 00:21:33 -0700
Processing by CreaturesController#new as HTML
  Rendered creatures/new.html.erb within layouts/application (6.0ms)
Completed 200 OK in 76ms (Views: 56.0ms | ActiveRecord: 1.4ms)


Started GET "/assets/application.self-7d9be866a00c11e86bbff512d3ba497100985c9a1cd9ab9c0684a95fca1ea07c.css?body=1" for ::1 at 2016-05-01 00:21:33 -0700


Started GET "/assets/turbolinks.self-c37727e9bd6b2735da5c311aa83fead54ed0be6cc8bd9a65309e9c5abe2cbfff.js?body=1" for ::1 at 2016-05-01 00:21:33 -0700


Started GET "/assets/jquery.self-660adc51e0224b731d29f575a6f1ec167ba08ad06ed5deca4f1e8654c135bf4c.js?body=1" for ::1 at 2016-05-01 00:21:33 -0700


Started GET "/assets/jquery_ujs.self-e87806d0cf4489aeb1bb7288016024e8de67fd18db693fe026fe3907581e53cd.js?body=1" for ::1 at 2016-05-01 00:21:33 -0700


Started GET "/assets/creatures.self-877aef30ae1b040ab8a3aba4e3e309a11d7f2612f44dde450b5c157aa5f95c05.js?body=1" for ::1 at 2016-05-01 00:21:33 -0700


Started GET "/assets/application.self-3b8dabdc891efe46b9a144b400ad69e37d7e5876bdc39dee783419a69d7ca819.js?body=1" for ::1 at 2016-05-01 00:21:33 -0700


Started POST "/creatures" for ::1 at 2016-05-01 00:21:37 -0700
Processing by CreaturesController#create as HTML
  Parameters: {"utf8"=>"✓", "authenticity_token"=>"SjrfKdIAhnzt15+KQlFMBZjIihQWtyE6DfHBnQsK0TQiN1aFjWO0M+OigzvXUmtJosZcm5Nw3CkhQxBlWBJGDA==", "creature"=>{"name"=>"hi", "description"=>"hi"}, "commit"=>"Save Creature"}
Completed 500 Internal Server Error in 5ms (ActiveRecord: 0.0ms)

NoMethodError (undefined method `saves' for #<Creature:0x007fb0cccc1b98>):
  app/controllers/creatures_controller.rb:22:in `create'


  Rendered /Users/jacquelynfambrough/.rvm/gems/ruby-2.2.1/gems/actionpack-4.2.6/lib/action_dispatch/middleware/templates/rescues/_source.erb (4.6ms)
  Rendered /Users/jacquelynfambrough/.rvm/gems/ruby-2.2.1/gems/actionpack-4.2.6/lib/action_dispatch/middleware/templates/rescues/_trace.html.erb (3.0ms)
  Rendered /Users/jacquelynfambrough/.rvm/gems/ruby-2.2.1/gems/actionpack-4.2.6/lib/action_dispatch/middleware/templates/rescues/_request_and_response.html.erb (1.3ms)
  Rendered /Users/jacquelynfambrough/.rvm/gems/ruby-2.2.1/gems/actionpack-4.2.6/lib/action_dispatch/middleware/templates/rescues/diagnostics.html.erb within rescues/layout (75.3ms)
  Rendered /Users/jacquelynfambrough/.rvm/gems/ruby-2.2.1/gems/web-console-2.3.0/lib/web_console/templates/_markup.html.erb (0.5ms)
  Rendered /Users/jacquelynfambrough/.rvm/gems/ruby-2.2.1/gems/web-console-2.3.0/lib/web_console/templates/_inner_console_markup.html.erb within layouts/inlined_string (0.5ms)
  Rendered /Users/jacquelynfambrough/.rvm/gems/ruby-2.2.1/gems/web-console-2.3.0/lib/web_console/templates/_prompt_box_markup.html.erb within layouts/inlined_string (0.4ms)
  Rendered /Users/jacquelynfambrough/.rvm/gems/ruby-2.2.1/gems/web-console-2.3.0/lib/web_console/templates/style.css.erb within layouts/inlined_string (0.5ms)
  Rendered /Users/jacquelynfambrough/.rvm/gems/ruby-2.2.1/gems/web-console-2.3.0/lib/web_console/templates/console.js.erb within layouts/javascript (54.3ms)
  Rendered /Users/jacquelynfambrough/.rvm/gems/ruby-2.2.1/gems/web-console-2.3.0/lib/web_console/templates/main.js.erb within layouts/javascript (0.3ms)
  Rendered /Users/jacquelynfambrough/.rvm/gems/ruby-2.2.1/gems/web-console-2.3.0/lib/web_console/templates/error_page.js.erb within layouts/javascript (0.6ms)
  Rendered /Users/jacquelynfambrough/.rvm/gems/ruby-2.2.1/gems/web-console-2.3.0/lib/web_console/templates/index.html.erb (126.6ms)


Started POST "/creatures" for ::1 at 2016-05-01 00:21:50 -0700
Processing by CreaturesController#create as HTML
  Parameters: {"utf8"=>"✓", "authenticity_token"=>"SjrfKdIAhnzt15+KQlFMBZjIihQWtyE6DfHBnQsK0TQiN1aFjWO0M+OigzvXUmtJosZcm5Nw3CkhQxBlWBJGDA==", "creature"=>{"name"=>"hi", "description"=>"hi"}, "commit"=>"Save Creature"}
  [1m[36m (0.1ms)[0m  [1mbegin transaction[0m
  [1m[35mSQL (0.6ms)[0m  INSERT INTO "creatures" ("name", "description", "created_at", "updated_at") VALUES (?, ?, ?, ?)  [["name", "hi"], ["description", "hi"], ["created_at", "2016-05-01 07:21:50.105511"], ["updated_at", "2016-05-01 07:21:50.105511"]]
  [1m[36m (1.0ms)[0m  [1mcommit transaction[0m
Redirected to http://localhost:3000/creatures/4
Completed 302 Found in 29ms (ActiveRecord: 2.7ms)


Started GET "/creatures/4" for ::1 at 2016-05-01 00:21:50 -0700
Processing by CreaturesController#show as HTML
  Parameters: {"id"=>"4"}
  [1m[35mCreature Load (0.3ms)[0m  SELECT  "creatures".* FROM "creatures" WHERE "creatures"."id" = ? LIMIT 1  [["id", 4]]
  Rendered creatures/show.html.erb within layouts/application (0.6ms)
Completed 200 OK in 45ms (Views: 31.9ms | ActiveRecord: 0.3ms)


Started GET "/assets/application.self-7d9be866a00c11e86bbff512d3ba497100985c9a1cd9ab9c0684a95fca1ea07c.css?body=1" for ::1 at 2016-05-01 00:21:50 -0700


Started GET "/assets/turbolinks.self-c37727e9bd6b2735da5c311aa83fead54ed0be6cc8bd9a65309e9c5abe2cbfff.js?body=1" for ::1 at 2016-05-01 00:21:50 -0700


Started GET "/assets/application.self-3b8dabdc891efe46b9a144b400ad69e37d7e5876bdc39dee783419a69d7ca819.js?body=1" for ::1 at 2016-05-01 00:21:50 -0700


Started GET "/assets/creatures.self-877aef30ae1b040ab8a3aba4e3e309a11d7f2612f44dde450b5c157aa5f95c05.js?body=1" for ::1 at 2016-05-01 00:21:50 -0700


Started GET "/assets/jquery.self-660adc51e0224b731d29f575a6f1ec167ba08ad06ed5deca4f1e8654c135bf4c.js?body=1" for ::1 at 2016-05-01 00:21:50 -0700


Started GET "/assets/jquery_ujs.self-e87806d0cf4489aeb1bb7288016024e8de67fd18db693fe026fe3907581e53cd.js?body=1" for ::1 at 2016-05-01 00:21:50 -0700


Started POST "/creatures" for ::1 at 2016-05-01 00:23:15 -0700
Processing by CreaturesController#create as HTML
  Parameters: {"utf8"=>"✓", "authenticity_token"=>"SjrfKdIAhnzt15+KQlFMBZjIihQWtyE6DfHBnQsK0TQiN1aFjWO0M+OigzvXUmtJosZcm5Nw3CkhQxBlWBJGDA==", "creature"=>{"name"=>"hi", "description"=>"hi"}, "commit"=>"Save Creature"}
  [1m[36m (0.1ms)[0m  [1mbegin transaction[0m
  [1m[35mSQL (0.3ms)[0m  INSERT INTO "creatures" ("name", "description", "created_at", "updated_at") VALUES (?, ?, ?, ?)  [["name", "hi"], ["description", "hi"], ["created_at", "2016-05-01 07:23:15.784751"], ["updated_at", "2016-05-01 07:23:15.784751"]]
  [1m[36m (0.9ms)[0m  [1mcommit transaction[0m
Redirected to http://localhost:3000/creatures/5
Completed 302 Found in 5ms (ActiveRecord: 1.3ms)


Started GET "/creatures/5" for ::1 at 2016-05-01 00:23:15 -0700
Processing by CreaturesController#show as HTML
  Parameters: {"id"=>"5"}
  [1m[35mCreature Load (0.1ms)[0m  SELECT  "creatures".* FROM "creatures" WHERE "creatures"."id" = ? LIMIT 1  [["id", 5]]
  Rendered creatures/show.html.erb within layouts/application (0.1ms)
Completed 200 OK in 24ms (Views: 22.7ms | ActiveRecord: 0.1ms)


Started GET "/creatures" for ::1 at 2016-05-01 00:23:21 -0700
Processing by CreaturesController#index as HTML
  [1m[36mCreature Load (0.3ms)[0m  [1mSELECT "creatures".* FROM "creatures"[0m
  Rendered creatures/index.html.erb within layouts/application (1.3ms)
Completed 200 OK in 19ms (Views: 17.9ms | ActiveRecord: 0.3ms)


Started GET "/new" for ::1 at 2016-05-01 00:23:45 -0700

ActionController::RoutingError (No route matches [GET] "/new"):
  actionpack (4.2.6) lib/action_dispatch/middleware/debug_exceptions.rb:21:in `call'
  web-console (2.3.0) lib/web_console/middleware.rb:28:in `block in call'
  web-console (2.3.0) lib/web_console/middleware.rb:18:in `catch'
  web-console (2.3.0) lib/web_console/middleware.rb:18:in `call'
  actionpack (4.2.6) lib/action_dispatch/middleware/show_exceptions.rb:30:in `call'
  railties (4.2.6) lib/rails/rack/logger.rb:38:in `call_app'
  railties (4.2.6) lib/rails/rack/logger.rb:20:in `block in call'
  activesupport (4.2.6) lib/active_support/tagged_logging.rb:68:in `block in tagged'
  activesupport (4.2.6) lib/active_support/tagged_logging.rb:26:in `tagged'
  activesupport (4.2.6) lib/active_support/tagged_logging.rb:68:in `tagged'
  railties (4.2.6) lib/rails/rack/logger.rb:20:in `call'
  actionpack (4.2.6) lib/action_dispatch/middleware/request_id.rb:21:in `call'
  rack (1.6.4) lib/rack/methodoverride.rb:22:in `call'
  rack (1.6.4) lib/rack/runtime.rb:18:in `call'
  activesupport (4.2.6) lib/active_support/cache/strategy/local_cache_middleware.rb:28:in `call'
  rack (1.6.4) lib/rack/lock.rb:17:in `call'
  actionpack (4.2.6) lib/action_dispatch/middleware/static.rb:120:in `call'
  rack (1.6.4) lib/rack/sendfile.rb:113:in `call'
  railties (4.2.6) lib/rails/engine.rb:518:in `call'
  railties (4.2.6) lib/rails/application.rb:165:in `call'
  rack (1.6.4) lib/rack/lock.rb:17:in `call'
  rack (1.6.4) lib/rack/content_length.rb:15:in `call'
  rack (1.6.4) lib/rack/handler/webrick.rb:88:in `service'
  /Users/jacquelynfambrough/.rvm/rubies/ruby-2.2.1/lib/ruby/2.2.0/webrick/httpserver.rb:138:in `service'
  /Users/jacquelynfambrough/.rvm/rubies/ruby-2.2.1/lib/ruby/2.2.0/webrick/httpserver.rb:94:in `run'
  /Users/jacquelynfambrough/.rvm/rubies/ruby-2.2.1/lib/ruby/2.2.0/webrick/server.rb:294:in `block in start_thread'


  Rendered /Users/jacquelynfambrough/.rvm/gems/ruby-2.2.1/gems/actionpack-4.2.6/lib/action_dispatch/middleware/templates/rescues/_trace.html.erb (1.3ms)
  Rendered /Users/jacquelynfambrough/.rvm/gems/ruby-2.2.1/gems/actionpack-4.2.6/lib/action_dispatch/middleware/templates/routes/_route.html.erb (0.9ms)
  Rendered /Users/jacquelynfambrough/.rvm/gems/ruby-2.2.1/gems/actionpack-4.2.6/lib/action_dispatch/middleware/templates/routes/_table.html.erb (1.6ms)
  Rendered /Users/jacquelynfambrough/.rvm/gems/ruby-2.2.1/gems/actionpack-4.2.6/lib/action_dispatch/middleware/templates/rescues/_request_and_response.html.erb (2.3ms)
  Rendered /Users/jacquelynfambrough/.rvm/gems/ruby-2.2.1/gems/actionpack-4.2.6/lib/action_dispatch/middleware/templates/rescues/routing_error.html.erb within rescues/layout (72.5ms)
  Rendered /Users/jacquelynfambrough/.rvm/gems/ruby-2.2.1/gems/web-console-2.3.0/lib/web_console/templates/_markup.html.erb (0.5ms)
  Rendered /Users/jacquelynfambrough/.rvm/gems/ruby-2.2.1/gems/web-console-2.3.0/lib/web_console/templates/_inner_console_markup.html.erb within layouts/inlined_string (0.3ms)
  Rendered /Users/jacquelynfambrough/.rvm/gems/ruby-2.2.1/gems/web-console-2.3.0/lib/web_console/templates/_prompt_box_markup.html.erb within layouts/inlined_string (0.3ms)
  Rendered /Users/jacquelynfambrough/.rvm/gems/ruby-2.2.1/gems/web-console-2.3.0/lib/web_console/templates/style.css.erb within layouts/inlined_string (0.3ms)
  Rendered /Users/jacquelynfambrough/.rvm/gems/ruby-2.2.1/gems/web-console-2.3.0/lib/web_console/templates/console.js.erb within layouts/javascript (52.0ms)
  Rendered /Users/jacquelynfambrough/.rvm/gems/ruby-2.2.1/gems/web-console-2.3.0/lib/web_console/templates/main.js.erb within layouts/javascript (0.6ms)
  Rendered /Users/jacquelynfambrough/.rvm/gems/ruby-2.2.1/gems/web-console-2.3.0/lib/web_console/templates/error_page.js.erb within layouts/javascript (0.4ms)
  Rendered /Users/jacquelynfambrough/.rvm/gems/ruby-2.2.1/gems/web-console-2.3.0/lib/web_console/templates/index.html.erb (120.6ms)


Started GET "/creatures/new" for ::1 at 2016-05-01 00:24:00 -0700
Processing by CreaturesController#new as HTML
  Rendered creatures/new.html.erb within layouts/application (1.5ms)
Completed 200 OK in 23ms (Views: 22.7ms | ActiveRecord: 0.0ms)


Started GET "/creatures/3/edit" for ::1 at 2016-05-01 00:31:39 -0700
Processing by CreaturesController#edit as HTML
  Parameters: {"id"=>"3"}
  [1m[35mCreature Load (0.9ms)[0m  SELECT  "creatures".* FROM "creatures" WHERE "creatures"."id" = ? LIMIT 1  [["id", 3]]
  Rendered creatures/edit.html.erb within layouts/application (5.1ms)
Completed 200 OK in 72ms (Views: 46.3ms | ActiveRecord: 2.0ms)


Started PATCH "/creatures/3" for ::1 at 2016-05-01 00:31:43 -0700

ActionController::RoutingError (No route matches [PATCH] "/creatures/3"):
  actionpack (4.2.6) lib/action_dispatch/middleware/debug_exceptions.rb:21:in `call'
  web-console (2.3.0) lib/web_console/middleware.rb:28:in `block in call'
  web-console (2.3.0) lib/web_console/middleware.rb:18:in `catch'
  web-console (2.3.0) lib/web_console/middleware.rb:18:in `call'
  actionpack (4.2.6) lib/action_dispatch/middleware/show_exceptions.rb:30:in `call'
  railties (4.2.6) lib/rails/rack/logger.rb:38:in `call_app'
  railties (4.2.6) lib/rails/rack/logger.rb:20:in `block in call'
  activesupport (4.2.6) lib/active_support/tagged_logging.rb:68:in `block in tagged'
  activesupport (4.2.6) lib/active_support/tagged_logging.rb:26:in `tagged'
  activesupport (4.2.6) lib/active_support/tagged_logging.rb:68:in `tagged'
  railties (4.2.6) lib/rails/rack/logger.rb:20:in `call'
  actionpack (4.2.6) lib/action_dispatch/middleware/request_id.rb:21:in `call'
  rack (1.6.4) lib/rack/methodoverride.rb:22:in `call'
  rack (1.6.4) lib/rack/runtime.rb:18:in `call'
  activesupport (4.2.6) lib/active_support/cache/strategy/local_cache_middleware.rb:28:in `call'
  rack (1.6.4) lib/rack/lock.rb:17:in `call'
  actionpack (4.2.6) lib/action_dispatch/middleware/static.rb:120:in `call'
  rack (1.6.4) lib/rack/sendfile.rb:113:in `call'
  railties (4.2.6) lib/rails/engine.rb:518:in `call'
  railties (4.2.6) lib/rails/application.rb:165:in `call'
  rack (1.6.4) lib/rack/lock.rb:17:in `call'
  rack (1.6.4) lib/rack/content_length.rb:15:in `call'
  rack (1.6.4) lib/rack/handler/webrick.rb:88:in `service'
  /Users/jacquelynfambrough/.rvm/rubies/ruby-2.2.1/lib/ruby/2.2.0/webrick/httpserver.rb:138:in `service'
  /Users/jacquelynfambrough/.rvm/rubies/ruby-2.2.1/lib/ruby/2.2.0/webrick/httpserver.rb:94:in `run'
  /Users/jacquelynfambrough/.rvm/rubies/ruby-2.2.1/lib/ruby/2.2.0/webrick/server.rb:294:in `block in start_thread'


  Rendered /Users/jacquelynfambrough/.rvm/gems/ruby-2.2.1/gems/actionpack-4.2.6/lib/action_dispatch/middleware/templates/rescues/_trace.html.erb (1.6ms)
  Rendered /Users/jacquelynfambrough/.rvm/gems/ruby-2.2.1/gems/actionpack-4.2.6/lib/action_dispatch/middleware/templates/routes/_route.html.erb (1.1ms)
  Rendered /Users/jacquelynfambrough/.rvm/gems/ruby-2.2.1/gems/actionpack-4.2.6/lib/action_dispatch/middleware/templates/routes/_table.html.erb (2.8ms)
  Rendered /Users/jacquelynfambrough/.rvm/gems/ruby-2.2.1/gems/actionpack-4.2.6/lib/action_dispatch/middleware/templates/rescues/_request_and_response.html.erb (3.0ms)
  Rendered /Users/jacquelynfambrough/.rvm/gems/ruby-2.2.1/gems/actionpack-4.2.6/lib/action_dispatch/middleware/templates/rescues/routing_error.html.erb within rescues/layout (80.6ms)
  Rendered /Users/jacquelynfambrough/.rvm/gems/ruby-2.2.1/gems/web-console-2.3.0/lib/web_console/templates/_markup.html.erb (0.9ms)
  Rendered /Users/jacquelynfambrough/.rvm/gems/ruby-2.2.1/gems/web-console-2.3.0/lib/web_console/templates/_inner_console_markup.html.erb within layouts/inlined_string (0.4ms)
  Rendered /Users/jacquelynfambrough/.rvm/gems/ruby-2.2.1/gems/web-console-2.3.0/lib/web_console/templates/_prompt_box_markup.html.erb within layouts/inlined_string (0.4ms)
  Rendered /Users/jacquelynfambrough/.rvm/gems/ruby-2.2.1/gems/web-console-2.3.0/lib/web_console/templates/style.css.erb within layouts/inlined_string (0.5ms)
  Rendered /Users/jacquelynfambrough/.rvm/gems/ruby-2.2.1/gems/web-console-2.3.0/lib/web_console/templates/console.js.erb within layouts/javascript (104.0ms)
  Rendered /Users/jacquelynfambrough/.rvm/gems/ruby-2.2.1/gems/web-console-2.3.0/lib/web_console/templates/main.js.erb within layouts/javascript (0.5ms)
  Rendered /Users/jacquelynfambrough/.rvm/gems/ruby-2.2.1/gems/web-console-2.3.0/lib/web_console/templates/error_page.js.erb within layouts/javascript (0.7ms)
  Rendered /Users/jacquelynfambrough/.rvm/gems/ruby-2.2.1/gems/web-console-2.3.0/lib/web_console/templates/index.html.erb (171.2ms)


Started GET "/creatures/3/edit" for ::1 at 2016-05-01 00:31:59 -0700

ActionController::RoutingError (No route matches [GET] "/creatures/3/edit"):
  actionpack (4.2.6) lib/action_dispatch/middleware/debug_exceptions.rb:21:in `call'
  web-console (2.3.0) lib/web_console/middleware.rb:28:in `block in call'
  web-console (2.3.0) lib/web_console/middleware.rb:18:in `catch'
  web-console (2.3.0) lib/web_console/middleware.rb:18:in `call'
  actionpack (4.2.6) lib/action_dispatch/middleware/show_exceptions.rb:30:in `call'
  railties (4.2.6) lib/rails/rack/logger.rb:38:in `call_app'
  railties (4.2.6) lib/rails/rack/logger.rb:20:in `block in call'
  activesupport (4.2.6) lib/active_support/tagged_logging.rb:68:in `block in tagged'
  activesupport (4.2.6) lib/active_support/tagged_logging.rb:26:in `tagged'
  activesupport (4.2.6) lib/active_support/tagged_logging.rb:68:in `tagged'
  railties (4.2.6) lib/rails/rack/logger.rb:20:in `call'
  actionpack (4.2.6) lib/action_dispatch/middleware/request_id.rb:21:in `call'
  rack (1.6.4) lib/rack/methodoverride.rb:22:in `call'
  rack (1.6.4) lib/rack/runtime.rb:18:in `call'
  activesupport (4.2.6) lib/active_support/cache/strategy/local_cache_middleware.rb:28:in `call'
  rack (1.6.4) lib/rack/lock.rb:17:in `call'
  actionpack (4.2.6) lib/action_dispatch/middleware/static.rb:120:in `call'
  rack (1.6.4) lib/rack/sendfile.rb:113:in `call'
  railties (4.2.6) lib/rails/engine.rb:518:in `call'
  railties (4.2.6) lib/rails/application.rb:165:in `call'
  rack (1.6.4) lib/rack/lock.rb:17:in `call'
  rack (1.6.4) lib/rack/content_length.rb:15:in `call'
  rack (1.6.4) lib/rack/handler/webrick.rb:88:in `service'
  /Users/jacquelynfambrough/.rvm/rubies/ruby-2.2.1/lib/ruby/2.2.0/webrick/httpserver.rb:138:in `service'
  /Users/jacquelynfambrough/.rvm/rubies/ruby-2.2.1/lib/ruby/2.2.0/webrick/httpserver.rb:94:in `run'
  /Users/jacquelynfambrough/.rvm/rubies/ruby-2.2.1/lib/ruby/2.2.0/webrick/server.rb:294:in `block in start_thread'


  Rendered /Users/jacquelynfambrough/.rvm/gems/ruby-2.2.1/gems/actionpack-4.2.6/lib/action_dispatch/middleware/templates/rescues/_trace.html.erb (2.4ms)
  Rendered /Users/jacquelynfambrough/.rvm/gems/ruby-2.2.1/gems/actionpack-4.2.6/lib/action_dispatch/middleware/templates/routes/_route.html.erb (2.0ms)
  Rendered /Users/jacquelynfambrough/.rvm/gems/ruby-2.2.1/gems/actionpack-4.2.6/lib/action_dispatch/middleware/templates/routes/_table.html.erb (3.3ms)
  Rendered /Users/jacquelynfambrough/.rvm/gems/ruby-2.2.1/gems/actionpack-4.2.6/lib/action_dispatch/middleware/templates/rescues/_request_and_response.html.erb (3.1ms)
  Rendered /Users/jacquelynfambrough/.rvm/gems/ruby-2.2.1/gems/actionpack-4.2.6/lib/action_dispatch/middleware/templates/rescues/routing_error.html.erb within rescues/layout (83.6ms)
  Rendered /Users/jacquelynfambrough/.rvm/gems/ruby-2.2.1/gems/web-console-2.3.0/lib/web_console/templates/_markup.html.erb (0.7ms)
  Rendered /Users/jacquelynfambrough/.rvm/gems/ruby-2.2.1/gems/web-console-2.3.0/lib/web_console/templates/_inner_console_markup.html.erb within layouts/inlined_string (0.6ms)
  Rendered /Users/jacquelynfambrough/.rvm/gems/ruby-2.2.1/gems/web-console-2.3.0/lib/web_console/templates/_prompt_box_markup.html.erb within layouts/inlined_string (0.3ms)
  Rendered /Users/jacquelynfambrough/.rvm/gems/ruby-2.2.1/gems/web-console-2.3.0/lib/web_console/templates/style.css.erb within layouts/inlined_string (0.5ms)
  Rendered /Users/jacquelynfambrough/.rvm/gems/ruby-2.2.1/gems/web-console-2.3.0/lib/web_console/templates/console.js.erb within layouts/javascript (65.1ms)
  Rendered /Users/jacquelynfambrough/.rvm/gems/ruby-2.2.1/gems/web-console-2.3.0/lib/web_console/templates/main.js.erb within layouts/javascript (0.5ms)
  Rendered /Users/jacquelynfambrough/.rvm/gems/ruby-2.2.1/gems/web-console-2.3.0/lib/web_console/templates/error_page.js.erb within layouts/javascript (0.4ms)
  Rendered /Users/jacquelynfambrough/.rvm/gems/ruby-2.2.1/gems/web-console-2.3.0/lib/web_console/templates/index.html.erb (140.6ms)


Started GET "/creatures/1/edit" for ::1 at 2016-05-01 00:32:07 -0700

ActionController::RoutingError (No route matches [GET] "/creatures/1/edit"):
  actionpack (4.2.6) lib/action_dispatch/middleware/debug_exceptions.rb:21:in `call'
  web-console (2.3.0) lib/web_console/middleware.rb:28:in `block in call'
  web-console (2.3.0) lib/web_console/middleware.rb:18:in `catch'
  web-console (2.3.0) lib/web_console/middleware.rb:18:in `call'
  actionpack (4.2.6) lib/action_dispatch/middleware/show_exceptions.rb:30:in `call'
  railties (4.2.6) lib/rails/rack/logger.rb:38:in `call_app'
  railties (4.2.6) lib/rails/rack/logger.rb:20:in `block in call'
  activesupport (4.2.6) lib/active_support/tagged_logging.rb:68:in `block in tagged'
  activesupport (4.2.6) lib/active_support/tagged_logging.rb:26:in `tagged'
  activesupport (4.2.6) lib/active_support/tagged_logging.rb:68:in `tagged'
  railties (4.2.6) lib/rails/rack/logger.rb:20:in `call'
  actionpack (4.2.6) lib/action_dispatch/middleware/request_id.rb:21:in `call'
  rack (1.6.4) lib/rack/methodoverride.rb:22:in `call'
  rack (1.6.4) lib/rack/runtime.rb:18:in `call'
  activesupport (4.2.6) lib/active_support/cache/strategy/local_cache_middleware.rb:28:in `call'
  rack (1.6.4) lib/rack/lock.rb:17:in `call'
  actionpack (4.2.6) lib/action_dispatch/middleware/static.rb:120:in `call'
  rack (1.6.4) lib/rack/sendfile.rb:113:in `call'
  railties (4.2.6) lib/rails/engine.rb:518:in `call'
  railties (4.2.6) lib/rails/application.rb:165:in `call'
  rack (1.6.4) lib/rack/lock.rb:17:in `call'
  rack (1.6.4) lib/rack/content_length.rb:15:in `call'
  rack (1.6.4) lib/rack/handler/webrick.rb:88:in `service'
  /Users/jacquelynfambrough/.rvm/rubies/ruby-2.2.1/lib/ruby/2.2.0/webrick/httpserver.rb:138:in `service'
  /Users/jacquelynfambrough/.rvm/rubies/ruby-2.2.1/lib/ruby/2.2.0/webrick/httpserver.rb:94:in `run'
  /Users/jacquelynfambrough/.rvm/rubies/ruby-2.2.1/lib/ruby/2.2.0/webrick/server.rb:294:in `block in start_thread'


  Rendered /Users/jacquelynfambrough/.rvm/gems/ruby-2.2.1/gems/actionpack-4.2.6/lib/action_dispatch/middleware/templates/rescues/_trace.html.erb (1.6ms)
  Rendered /Users/jacquelynfambrough/.rvm/gems/ruby-2.2.1/gems/actionpack-4.2.6/lib/action_dispatch/middleware/templates/routes/_route.html.erb (1.0ms)
  Rendered /Users/jacquelynfambrough/.rvm/gems/ruby-2.2.1/gems/actionpack-4.2.6/lib/action_dispatch/middleware/templates/routes/_table.html.erb (2.2ms)
  Rendered /Users/jacquelynfambrough/.rvm/gems/ruby-2.2.1/gems/actionpack-4.2.6/lib/action_dispatch/middleware/templates/rescues/_request_and_response.html.erb (1.6ms)
  Rendered /Users/jacquelynfambrough/.rvm/gems/ruby-2.2.1/gems/actionpack-4.2.6/lib/action_dispatch/middleware/templates/rescues/routing_error.html.erb within rescues/layout (72.9ms)
  Rendered /Users/jacquelynfambrough/.rvm/gems/ruby-2.2.1/gems/web-console-2.3.0/lib/web_console/templates/_markup.html.erb (0.4ms)
  Rendered /Users/jacquelynfambrough/.rvm/gems/ruby-2.2.1/gems/web-console-2.3.0/lib/web_console/templates/_inner_console_markup.html.erb within layouts/inlined_string (0.3ms)
  Rendered /Users/jacquelynfambrough/.rvm/gems/ruby-2.2.1/gems/web-console-2.3.0/lib/web_console/templates/_prompt_box_markup.html.erb within layouts/inlined_string (0.4ms)
  Rendered /Users/jacquelynfambrough/.rvm/gems/ruby-2.2.1/gems/web-console-2.3.0/lib/web_console/templates/style.css.erb within layouts/inlined_string (0.3ms)
  Rendered /Users/jacquelynfambrough/.rvm/gems/ruby-2.2.1/gems/web-console-2.3.0/lib/web_console/templates/console.js.erb within layouts/javascript (46.5ms)
  Rendered /Users/jacquelynfambrough/.rvm/gems/ruby-2.2.1/gems/web-console-2.3.0/lib/web_console/templates/main.js.erb within layouts/javascript (0.6ms)
  Rendered /Users/jacquelynfambrough/.rvm/gems/ruby-2.2.1/gems/web-console-2.3.0/lib/web_console/templates/error_page.js.erb within layouts/javascript (0.5ms)
  Rendered /Users/jacquelynfambrough/.rvm/gems/ruby-2.2.1/gems/web-console-2.3.0/lib/web_console/templates/index.html.erb (113.8ms)


Started GET "/" for ::1 at 2016-05-01 00:38:54 -0700
Processing by CreaturesController#index as HTML
  [1m[36mCreature Load (0.3ms)[0m  [1mSELECT "creatures".* FROM "creatures"[0m
  Rendered creatures/index.html.erb within layouts/application (4.6ms)
Completed 200 OK in 34ms (Views: 30.6ms | ActiveRecord: 0.5ms)


Started GET "/1" for ::1 at 2016-05-01 00:39:00 -0700

ActionController::RoutingError (No route matches [GET] "/1"):
  actionpack (4.2.6) lib/action_dispatch/middleware/debug_exceptions.rb:21:in `call'
  web-console (2.3.0) lib/web_console/middleware.rb:28:in `block in call'
  web-console (2.3.0) lib/web_console/middleware.rb:18:in `catch'
  web-console (2.3.0) lib/web_console/middleware.rb:18:in `call'
  actionpack (4.2.6) lib/action_dispatch/middleware/show_exceptions.rb:30:in `call'
  railties (4.2.6) lib/rails/rack/logger.rb:38:in `call_app'
  railties (4.2.6) lib/rails/rack/logger.rb:20:in `block in call'
  activesupport (4.2.6) lib/active_support/tagged_logging.rb:68:in `block in tagged'
  activesupport (4.2.6) lib/active_support/tagged_logging.rb:26:in `tagged'
  activesupport (4.2.6) lib/active_support/tagged_logging.rb:68:in `tagged'
  railties (4.2.6) lib/rails/rack/logger.rb:20:in `call'
  actionpack (4.2.6) lib/action_dispatch/middleware/request_id.rb:21:in `call'
  rack (1.6.4) lib/rack/methodoverride.rb:22:in `call'
  rack (1.6.4) lib/rack/runtime.rb:18:in `call'
  activesupport (4.2.6) lib/active_support/cache/strategy/local_cache_middleware.rb:28:in `call'
  rack (1.6.4) lib/rack/lock.rb:17:in `call'
  actionpack (4.2.6) lib/action_dispatch/middleware/static.rb:120:in `call'
  rack (1.6.4) lib/rack/sendfile.rb:113:in `call'
  railties (4.2.6) lib/rails/engine.rb:518:in `call'
  railties (4.2.6) lib/rails/application.rb:165:in `call'
  rack (1.6.4) lib/rack/lock.rb:17:in `call'
  rack (1.6.4) lib/rack/content_length.rb:15:in `call'
  rack (1.6.4) lib/rack/handler/webrick.rb:88:in `service'
  /Users/jacquelynfambrough/.rvm/rubies/ruby-2.2.1/lib/ruby/2.2.0/webrick/httpserver.rb:138:in `service'
  /Users/jacquelynfambrough/.rvm/rubies/ruby-2.2.1/lib/ruby/2.2.0/webrick/httpserver.rb:94:in `run'
  /Users/jacquelynfambrough/.rvm/rubies/ruby-2.2.1/lib/ruby/2.2.0/webrick/server.rb:294:in `block in start_thread'


  Rendered /Users/jacquelynfambrough/.rvm/gems/ruby-2.2.1/gems/actionpack-4.2.6/lib/action_dispatch/middleware/templates/rescues/_trace.html.erb (1.5ms)
  Rendered /Users/jacquelynfambrough/.rvm/gems/ruby-2.2.1/gems/actionpack-4.2.6/lib/action_dispatch/middleware/templates/routes/_route.html.erb (2.0ms)
  Rendered /Users/jacquelynfambrough/.rvm/gems/ruby-2.2.1/gems/actionpack-4.2.6/lib/action_dispatch/middleware/templates/routes/_table.html.erb (1.9ms)
  Rendered /Users/jacquelynfambrough/.rvm/gems/ruby-2.2.1/gems/actionpack-4.2.6/lib/action_dispatch/middleware/templates/rescues/_request_and_response.html.erb (2.6ms)
  Rendered /Users/jacquelynfambrough/.rvm/gems/ruby-2.2.1/gems/actionpack-4.2.6/lib/action_dispatch/middleware/templates/rescues/routing_error.html.erb within rescues/layout (83.2ms)
  Rendered /Users/jacquelynfambrough/.rvm/gems/ruby-2.2.1/gems/web-console-2.3.0/lib/web_console/templates/_markup.html.erb (0.5ms)
  Rendered /Users/jacquelynfambrough/.rvm/gems/ruby-2.2.1/gems/web-console-2.3.0/lib/web_console/templates/_inner_console_markup.html.erb within layouts/inlined_string (0.5ms)
  Rendered /Users/jacquelynfambrough/.rvm/gems/ruby-2.2.1/gems/web-console-2.3.0/lib/web_console/templates/_prompt_box_markup.html.erb within layouts/inlined_string (0.6ms)
  Rendered /Users/jacquelynfambrough/.rvm/gems/ruby-2.2.1/gems/web-console-2.3.0/lib/web_console/templates/style.css.erb within layouts/inlined_string (0.4ms)
  Rendered /Users/jacquelynfambrough/.rvm/gems/ruby-2.2.1/gems/web-console-2.3.0/lib/web_console/templates/console.js.erb within layouts/javascript (63.4ms)
  Rendered /Users/jacquelynfambrough/.rvm/gems/ruby-2.2.1/gems/web-console-2.3.0/lib/web_console/templates/main.js.erb within layouts/javascript (0.7ms)
  Rendered /Users/jacquelynfambrough/.rvm/gems/ruby-2.2.1/gems/web-console-2.3.0/lib/web_console/templates/error_page.js.erb within layouts/javascript (0.6ms)
  Rendered /Users/jacquelynfambrough/.rvm/gems/ruby-2.2.1/gems/web-console-2.3.0/lib/web_console/templates/index.html.erb (121.1ms)


Started GET "/creatures/i" for ::1 at 2016-05-01 00:39:07 -0700
Processing by CreaturesController#show as HTML
  Parameters: {"id"=>"i"}
  [1m[35mCreature Load (0.2ms)[0m  SELECT  "creatures".* FROM "creatures" WHERE "creatures"."id" = ? LIMIT 1  [["id", 0]]
  Rendered creatures/show.html.erb within layouts/application (2.7ms)
Completed 500 Internal Server Error in 10ms (ActiveRecord: 0.2ms)

ActionView::Template::Error (undefined method `name' for nil:NilClass):
    1: <h1> <%= @creature.name%></h1>
    2: <p> <%= @creature.description%></p>
  app/views/creatures/show.html.erb:1:in `_app_views_creatures_show_html_erb__1197313723085325383_70198717752820'
  app/controllers/creatures_controller.rb:36:in `show'


  Rendered /Users/jacquelynfambrough/.rvm/gems/ruby-2.2.1/gems/actionpack-4.2.6/lib/action_dispatch/middleware/templates/rescues/_source.erb (7.0ms)
  Rendered /Users/jacquelynfambrough/.rvm/gems/ruby-2.2.1/gems/actionpack-4.2.6/lib/action_dispatch/middleware/templates/rescues/_trace.html.erb (2.5ms)
  Rendered /Users/jacquelynfambrough/.rvm/gems/ruby-2.2.1/gems/actionpack-4.2.6/lib/action_dispatch/middleware/templates/rescues/_request_and_response.html.erb (0.9ms)
  Rendered /Users/jacquelynfambrough/.rvm/gems/ruby-2.2.1/gems/actionpack-4.2.6/lib/action_dispatch/middleware/templates/rescues/template_error.html.erb within rescues/layout (73.7ms)
  Rendered /Users/jacquelynfambrough/.rvm/gems/ruby-2.2.1/gems/web-console-2.3.0/lib/web_console/templates/_markup.html.erb (0.4ms)
  Rendered /Users/jacquelynfambrough/.rvm/gems/ruby-2.2.1/gems/web-console-2.3.0/lib/web_console/templates/_inner_console_markup.html.erb within layouts/inlined_string (0.3ms)
  Rendered /Users/jacquelynfambrough/.rvm/gems/ruby-2.2.1/gems/web-console-2.3.0/lib/web_console/templates/_prompt_box_markup.html.erb within layouts/inlined_string (0.3ms)
  Rendered /Users/jacquelynfambrough/.rvm/gems/ruby-2.2.1/gems/web-console-2.3.0/lib/web_console/templates/style.css.erb within layouts/inlined_string (0.4ms)
  Rendered /Users/jacquelynfambrough/.rvm/gems/ruby-2.2.1/gems/web-console-2.3.0/lib/web_console/templates/console.js.erb within layouts/javascript (44.8ms)
  Rendered /Users/jacquelynfambrough/.rvm/gems/ruby-2.2.1/gems/web-console-2.3.0/lib/web_console/templates/main.js.erb within layouts/javascript (0.4ms)
  Rendered /Users/jacquelynfambrough/.rvm/gems/ruby-2.2.1/gems/web-console-2.3.0/lib/web_console/templates/error_page.js.erb within layouts/javascript (0.8ms)
  Rendered /Users/jacquelynfambrough/.rvm/gems/ruby-2.2.1/gems/web-console-2.3.0/lib/web_console/templates/index.html.erb (103.2ms)


Started GET "/creatures/1" for ::1 at 2016-05-01 00:39:10 -0700
Processing by CreaturesController#show as HTML
  Parameters: {"id"=>"1"}
  [1m[36mCreature Load (0.1ms)[0m  [1mSELECT  "creatures".* FROM "creatures" WHERE "creatures"."id" = ? LIMIT 1[0m  [["id", 1]]
  Rendered creatures/show.html.erb within layouts/application (0.1ms)
Completed 200 OK in 22ms (Views: 21.6ms | ActiveRecord: 0.1ms)


Started GET "/creatures/1/edit" for ::1 at 2016-05-01 00:39:15 -0700
Processing by CreaturesController#edit as HTML
  Parameters: {"id"=>"1"}
  [1m[35mCreature Load (0.1ms)[0m  SELECT  "creatures".* FROM "creatures" WHERE "creatures"."id" = ? LIMIT 1  [["id", 1]]
  Rendered creatures/edit.html.erb within layouts/application (1.3ms)
Completed 200 OK in 22ms (Views: 20.6ms | ActiveRecord: 0.1ms)


Started PATCH "/creatures/1" for ::1 at 2016-05-01 00:39:22 -0700
Processing by CreaturesController#update as HTML
  Parameters: {"utf8"=>"✓", "authenticity_token"=>"HNIlYffe8Jz4m7qZcJXEP9xxJ+3prvR6oUCDlp0s1a9036zNqL3C0/bupijlluNz5n/xYmxpCWmN8lJuzjRClw==", "creature"=>{"name"=>"Yoda jfkdsjal", "description"=>"Little green fella"}, "commit"=>"Save Creature", "id"=>"1"}
  [1m[36mCreature Load (0.1ms)[0m  [1mSELECT  "creatures".* FROM "creatures" WHERE "creatures"."id" = ? LIMIT 1[0m  [["id", 1]]
Completed 500 Internal Server Error in 11ms (ActiveRecord: 0.1ms)

NameError (undefined local variable or method `creature' for #<CreaturesController:0x007fb0d166c220>):
  app/controllers/creatures_controller.rb:59:in `update'


  Rendered /Users/jacquelynfambrough/.rvm/gems/ruby-2.2.1/gems/actionpack-4.2.6/lib/action_dispatch/middleware/templates/rescues/_source.erb (5.2ms)
  Rendered /Users/jacquelynfambrough/.rvm/gems/ruby-2.2.1/gems/actionpack-4.2.6/lib/action_dispatch/middleware/templates/rescues/_trace.html.erb (3.4ms)
  Rendered /Users/jacquelynfambrough/.rvm/gems/ruby-2.2.1/gems/actionpack-4.2.6/lib/action_dispatch/middleware/templates/rescues/_request_and_response.html.erb (2.0ms)
  Rendered /Users/jacquelynfambrough/.rvm/gems/ruby-2.2.1/gems/actionpack-4.2.6/lib/action_dispatch/middleware/templates/rescues/diagnostics.html.erb within rescues/layout (82.0ms)
  Rendered /Users/jacquelynfambrough/.rvm/gems/ruby-2.2.1/gems/web-console-2.3.0/lib/web_console/templates/_markup.html.erb (0.4ms)
  Rendered /Users/jacquelynfambrough/.rvm/gems/ruby-2.2.1/gems/web-console-2.3.0/lib/web_console/templates/_inner_console_markup.html.erb within layouts/inlined_string (0.6ms)
  Rendered /Users/jacquelynfambrough/.rvm/gems/ruby-2.2.1/gems/web-console-2.3.0/lib/web_console/templates/_prompt_box_markup.html.erb within layouts/inlined_string (0.5ms)
  Rendered /Users/jacquelynfambrough/.rvm/gems/ruby-2.2.1/gems/web-console-2.3.0/lib/web_console/templates/style.css.erb within layouts/inlined_string (0.7ms)
  Rendered /Users/jacquelynfambrough/.rvm/gems/ruby-2.2.1/gems/web-console-2.3.0/lib/web_console/templates/console.js.erb within layouts/javascript (80.4ms)
  Rendered /Users/jacquelynfambrough/.rvm/gems/ruby-2.2.1/gems/web-console-2.3.0/lib/web_console/templates/main.js.erb within layouts/javascript (0.4ms)
  Rendered /Users/jacquelynfambrough/.rvm/gems/ruby-2.2.1/gems/web-console-2.3.0/lib/web_console/templates/error_page.js.erb within layouts/javascript (0.4ms)
  Rendered /Users/jacquelynfambrough/.rvm/gems/ruby-2.2.1/gems/web-console-2.3.0/lib/web_console/templates/index.html.erb (150.4ms)


Started PATCH "/creatures/1" for ::1 at 2016-05-01 00:39:41 -0700
Processing by CreaturesController#update as HTML
  Parameters: {"utf8"=>"✓", "authenticity_token"=>"HNIlYffe8Jz4m7qZcJXEP9xxJ+3prvR6oUCDlp0s1a9036zNqL3C0/bupijlluNz5n/xYmxpCWmN8lJuzjRClw==", "creature"=>{"name"=>"Yoda jfkdsjal", "description"=>"Little green fella"}, "commit"=>"Save Creature", "id"=>"1"}
  [1m[35mCreature Load (0.1ms)[0m  SELECT  "creatures".* FROM "creatures" WHERE "creatures"."id" = ? LIMIT 1  [["id", 1]]
  [1m[36m (0.1ms)[0m  [1mbegin transaction[0m
  [1m[35mSQL (0.3ms)[0m  UPDATE "creatures" SET "name" = ?, "updated_at" = ? WHERE "creatures"."id" = ?  [["name", "Yoda jfkdsjal"], ["updated_at", "2016-05-01 07:39:41.808899"], ["id", 1]]
  [1m[36m (1.0ms)[0m  [1mcommit transaction[0m
Redirected to http://localhost:3000/creatures/1
Completed 302 Found in 12ms (ActiveRecord: 2.0ms)


Started GET "/creatures/1" for ::1 at 2016-05-01 00:39:41 -0700
Processing by CreaturesController#show as HTML
  Parameters: {"id"=>"1"}
  [1m[35mCreature Load (0.1ms)[0m  SELECT  "creatures".* FROM "creatures" WHERE "creatures"."id" = ? LIMIT 1  [["id", 1]]
  Rendered creatures/show.html.erb within layouts/application (0.1ms)
Completed 200 OK in 28ms (Views: 27.3ms | ActiveRecord: 0.1ms)


Started GET "/creatures/1" for ::1 at 2016-05-01 00:49:41 -0700
Processing by CreaturesController#show as HTML
  Parameters: {"id"=>"1"}
  [1m[36mCreature Load (0.3ms)[0m  [1mSELECT  "creatures".* FROM "creatures" WHERE "creatures"."id" = ? LIMIT 1[0m  [["id", 1]]
  Rendered creatures/show.html.erb within layouts/application (3.7ms)
Completed 200 OK in 90ms (Views: 76.7ms | ActiveRecord: 0.9ms)


Started GET "/assets/jquery.self-660adc51e0224b731d29f575a6f1ec167ba08ad06ed5deca4f1e8654c135bf4c.js?body=1" for ::1 at 2016-05-01 00:49:41 -0700


Started GET "/assets/application.self-7d9be866a00c11e86bbff512d3ba497100985c9a1cd9ab9c0684a95fca1ea07c.css?body=1" for ::1 at 2016-05-01 00:49:41 -0700


Started GET "/assets/application.self-3b8dabdc891efe46b9a144b400ad69e37d7e5876bdc39dee783419a69d7ca819.js?body=1" for ::1 at 2016-05-01 00:49:41 -0700


Started GET "/assets/jquery_ujs.self-e87806d0cf4489aeb1bb7288016024e8de67fd18db693fe026fe3907581e53cd.js?body=1" for ::1 at 2016-05-01 00:49:41 -0700


Started GET "/assets/turbolinks.self-c37727e9bd6b2735da5c311aa83fead54ed0be6cc8bd9a65309e9c5abe2cbfff.js?body=1" for ::1 at 2016-05-01 00:49:41 -0700


Started GET "/assets/creatures.self-877aef30ae1b040ab8a3aba4e3e309a11d7f2612f44dde450b5c157aa5f95c05.js?body=1" for ::1 at 2016-05-01 00:49:41 -0700


Started DELETE "/creatures/1" for ::1 at 2016-05-01 00:49:42 -0700
Processing by CreaturesController#destroy as HTML
  Parameters: {"authenticity_token"=>"/xq3PKlxvdXXtZ1hPBfxDlh9UMF+y3aGFOP33CdCFJOXFz6Q9hKPmtnAgdCpFNZCYnOGTvsMi5U4USYkdFqDqw==", "id"=>"1"}
  [1m[35mCreature Load (0.5ms)[0m  SELECT  "creatures".* FROM "creatures" WHERE "creatures"."id" = ? LIMIT 1  [["id", 1]]
  [1m[36m (0.1ms)[0m  [1mbegin transaction[0m
  [1m[35mSQL (0.3ms)[0m  DELETE FROM "creatures" WHERE "creatures"."id" = ?  [["id", 1]]
  [1m[36m (1.0ms)[0m  [1mcommit transaction[0m
Redirected to http://localhost:3000/creatures
Completed 302 Found in 7ms (ActiveRecord: 1.9ms)


Started GET "/creatures" for ::1 at 2016-05-01 00:49:42 -0700
Processing by CreaturesController#index as HTML
  [1m[35mCreature Load (0.2ms)[0m  SELECT "creatures".* FROM "creatures"
  Rendered creatures/index.html.erb within layouts/application (1.3ms)
Completed 200 OK in 20ms (Views: 19.1ms | ActiveRecord: 0.2ms)
